Progress:	1 / 390
Progress:	2 / 390
Progress:	3 / 390
Progress:	4 / 390
Progress:	5 / 390
Progress:	6 / 390
Progress:	7 / 390
Progress:	8 / 390
Progress:	9 / 390
Progress:	10 / 390
Progress:	11 / 390
Progress:	12 / 390
Progress:	13 / 390
Progress:	14 / 390
Progress:	15 / 390
Progress:	16 / 390
Progress:	17 / 390
Progress:	18 / 390
Progress:	19 / 390
Progress:	20 / 390
Progress:	21 / 390
Progress:	22 / 390
Progress:	23 / 390
Progress:	24 / 390
Progress:	25 / 390
Progress:	26 / 390
Progress:	27 / 390
Progress:	28 / 390
Progress:	29 / 390
Progress:	30 / 390
Progress:	31 / 390
Progress:	32 / 390
Progress:	33 / 390
Progress:	34 / 390
Progress:	35 / 390
Progress:	36 / 390
Progress:	37 / 390
Progress:	38 / 390
Progress:	39 / 390
Progress:	40 / 390
Progress:	41 / 390
Progress:	42 / 390
Progress:	43 / 390
Progress:	44 / 390
Progress:	45 / 390
Progress:	46 / 390
Progress:	47 / 390
Progress:	48 / 390
Progress:	49 / 390
Progress:	50 / 390
Progress:	51 / 390
Progress:	52 / 390
Progress:	53 / 390
Progress:	54 / 390
Progress:	55 / 390
Progress:	56 / 390
Progress:	57 / 390
Progress:	58 / 390
Progress:	59 / 390
Progress:	60 / 390
Progress:	61 / 390
Progress:	62 / 390
Progress:	63 / 390
Progress:	64 / 390
Progress:	65 / 390
Progress:	66 / 390
Progress:	67 / 390
Progress:	68 / 390
Progress:	69 / 390
Progress:	70 / 390
Progress:	71 / 390
Progress:	72 / 390
Progress:	73 / 390
Progress:	74 / 390
Progress:	75 / 390
Progress:	76 / 390
Progress:	77 / 390
Progress:	78 / 390
Progress:	79 / 390
Progress:	80 / 390
Progress:	81 / 390
Progress:	82 / 390
Progress:	83 / 390
Progress:	84 / 390
Progress:	85 / 390
Progress:	86 / 390
Progress:	87 / 390
Progress:	88 / 390
Progress:	89 / 390
Progress:	90 / 390
Progress:	91 / 390
Progress:	92 / 390
Progress:	93 / 390
Progress:	94 / 390
Progress:	95 / 390
Progress:	96 / 390
Progress:	97 / 390
Progress:	98 / 390
Progress:	99 / 390
Progress:	100 / 390
Progress:	101 / 390
Progress:	102 / 390
Progress:	103 / 390
Progress:	104 / 390
Progress:	105 / 390
Progress:	106 / 390
Progress:	107 / 390
Progress:	108 / 390
Progress:	109 / 390
Progress:	110 / 390
Progress:	111 / 390
Progress:	112 / 390
Progress:	113 / 390
Progress:	114 / 390
Progress:	115 / 390
Progress:	116 / 390
Progress:	117 / 390
Progress:	118 / 390
Progress:	119 / 390
Progress:	120 / 390
Progress:	121 / 390
Progress:	122 / 390
Progress:	123 / 390
Progress:	124 / 390
Progress:	125 / 390
Progress:	126 / 390
Progress:	127 / 390
Progress:	128 / 390
Progress:	129 / 390
Progress:	130 / 390
Progress:	131 / 390
Progress:	132 / 390
Progress:	133 / 390
Progress:	134 / 390
Progress:	135 / 390
Progress:	136 / 390
Progress:	137 / 390
Progress:	138 / 390
Progress:	139 / 390
Progress:	140 / 390
Progress:	141 / 390
Progress:	142 / 390
Progress:	143 / 390
Progress:	144 / 390
Progress:	145 / 390
Progress:	146 / 390
Progress:	147 / 390
Progress:	148 / 390
Progress:	149 / 390
Progress:	150 / 390
Progress:	151 / 390
Progress:	152 / 390
Progress:	153 / 390
Progress:	154 / 390
Progress:	155 / 390
Progress:	156 / 390
Progress:	157 / 390
Progress:	158 / 390
Progress:	159 / 390
Progress:	160 / 390
Progress:	161 / 390
Progress:	162 / 390
Progress:	163 / 390
Progress:	164 / 390
Progress:	165 / 390
Progress:	166 / 390
Progress:	167 / 390
Progress:	168 / 390
Progress:	169 / 390
Progress:	170 / 390
Progress:	171 / 390
Progress:	172 / 390
Progress:	173 / 390
Progress:	174 / 390
Progress:	175 / 390
Progress:	176 / 390
Progress:	177 / 390
Progress:	178 / 390
Progress:	179 / 390
Progress:	180 / 390
Progress:	181 / 390
Progress:	182 / 390
Progress:	183 / 390
Progress:	184 / 390
Progress:	185 / 390
Progress:	186 / 390
Progress:	187 / 390
Progress:	188 / 390
Progress:	189 / 390
Progress:	190 / 390
Progress:	191 / 390
Progress:	192 / 390
Progress:	193 / 390
Progress:	194 / 390
Progress:	195 / 390
Progress:	196 / 390
Progress:	197 / 390
Progress:	198 / 390
Progress:	199 / 390
Progress:	200 / 390
Progress:	201 / 390
Progress:	202 / 390
Progress:	203 / 390
Progress:	204 / 390
Progress:	205 / 390
Progress:	206 / 390
Progress:	207 / 390
Progress:	208 / 390
Progress:	209 / 390
Progress:	210 / 390
Progress:	211 / 390
Progress:	212 / 390
Progress:	213 / 390
Progress:	214 / 390
Progress:	215 / 390
Progress:	216 / 390
Progress:	217 / 390
Progress:	218 / 390
Progress:	219 / 390
Progress:	220 / 390
Progress:	221 / 390
Progress:	222 / 390
Progress:	223 / 390
Progress:	224 / 390
Progress:	225 / 390
Progress:	226 / 390
Progress:	227 / 390
Progress:	228 / 390
Progress:	229 / 390
Progress:	230 / 390
Progress:	231 / 390
Progress:	232 / 390
Progress:	233 / 390
Progress:	234 / 390
Progress:	235 / 390
Progress:	236 / 390
Progress:	237 / 390
Progress:	238 / 390
Progress:	239 / 390
Progress:	240 / 390
Progress:	241 / 390
Progress:	242 / 390
Progress:	243 / 390
Progress:	244 / 390
Progress:	245 / 390
Progress:	246 / 390
Progress:	247 / 390
Progress:	248 / 390
Progress:	249 / 390
Progress:	250 / 390
Progress:	251 / 390
Progress:	252 / 390
Progress:	253 / 390
Progress:	254 / 390
Progress:	255 / 390
Progress:	256 / 390
Progress:	257 / 390
Progress:	258 / 390
Progress:	259 / 390
Progress:	260 / 390
Progress:	261 / 390
Progress:	262 / 390
Progress:	263 / 390
Progress:	264 / 390
Progress:	265 / 390
Progress:	266 / 390
Progress:	267 / 390
Progress:	268 / 390
Progress:	269 / 390
Progress:	270 / 390
Progress:	271 / 390
Progress:	272 / 390
Progress:	273 / 390
Progress:	274 / 390
Progress:	275 / 390
Progress:	276 / 390
Progress:	277 / 390
Progress:	278 / 390
Progress:	279 / 390
Progress:	280 / 390
Progress:	281 / 390
Progress:	282 / 390
Progress:	283 / 390
Progress:	284 / 390
Progress:	285 / 390
Progress:	286 / 390
Progress:	287 / 390
Progress:	288 / 390
Progress:	289 / 390
Progress:	290 / 390
Progress:	291 / 390
Progress:	292 / 390
Progress:	293 / 390
Progress:	294 / 390
Progress:	295 / 390
Progress:	296 / 390
Progress:	297 / 390
Progress:	298 / 390
Progress:	299 / 390
Progress:	300 / 390
Progress:	301 / 390
Progress:	302 / 390
Progress:	303 / 390
Progress:	304 / 390
Progress:	305 / 390
Progress:	306 / 390
Progress:	307 / 390
Progress:	308 / 390
Progress:	309 / 390
Progress:	310 / 390
Progress:	311 / 390
Progress:	312 / 390
Progress:	313 / 390
Progress:	314 / 390
Progress:	315 / 390
Progress:	316 / 390
Progress:	317 / 390
Progress:	318 / 390
Progress:	319 / 390
Progress:	320 / 390
Progress:	321 / 390
Progress:	322 / 390
Progress:	323 / 390
Progress:	324 / 390
Progress:	325 / 390
Progress:	326 / 390
Progress:	327 / 390
Progress:	328 / 390
Progress:	329 / 390
Progress:	330 / 390
Progress:	331 / 390
Progress:	332 / 390
Progress:	333 / 390
Progress:	334 / 390
Progress:	335 / 390
Progress:	336 / 390
Progress:	337 / 390
Progress:	338 / 390
Progress:	339 / 390
Progress:	340 / 390
Progress:	341 / 390
Progress:	342 / 390
Progress:	343 / 390
Progress:	344 / 390
Progress:	345 / 390
Progress:	346 / 390
Progress:	347 / 390
Progress:	348 / 390
Progress:	349 / 390
Progress:	350 / 390
Progress:	351 / 390
Progress:	352 / 390
Progress:	353 / 390
Progress:	354 / 390
Progress:	355 / 390
Progress:	356 / 390
Progress:	357 / 390
Progress:	358 / 390
Progress:	359 / 390
Progress:	360 / 390
Progress:	361 / 390
Progress:	362 / 390
Progress:	363 / 390
Progress:	364 / 390
Progress:	365 / 390
Progress:	366 / 390
Progress:	367 / 390
Progress:	368 / 390
Progress:	369 / 390
Progress:	370 / 390
Progress:	371 / 390
Progress:	372 / 390
Progress:	373 / 390
Progress:	374 / 390
Progress:	375 / 390
Progress:	376 / 390
Progress:	377 / 390
Progress:	378 / 390
Progress:	379 / 390
Progress:	380 / 390
Progress:	381 / 390
Progress:	382 / 390
Progress:	383 / 390
Progress:	384 / 390
Progress:	385 / 390
Progress:	386 / 390
Progress:	387 / 390
Progress:	388 / 390
Progress:	389 / 390
Progress:	390 / 390
Solving:	233.889242172
Prepare:	46.9298279285
predict size:	(390, 16, 16)
block size:	(16, 16)
max:	237.764523672
min:	33.8859891193
285.934509039
Done
