Progress:	1 / 104
Progress:	2 / 104
Progress:	3 / 104
Progress:	4 / 104
Progress:	5 / 104
Progress:	6 / 104
Progress:	7 / 104
Progress:	8 / 104
Progress:	9 / 104
Progress:	10 / 104
Progress:	11 / 104
Progress:	12 / 104
Progress:	13 / 104
Progress:	14 / 104
Progress:	15 / 104
Progress:	16 / 104
Progress:	17 / 104
Progress:	18 / 104
Progress:	19 / 104
Progress:	20 / 104
Progress:	21 / 104
Progress:	22 / 104
Progress:	23 / 104
Progress:	24 / 104
Progress:	25 / 104
Progress:	26 / 104
Progress:	27 / 104
Progress:	28 / 104
Progress:	29 / 104
Progress:	30 / 104
Progress:	31 / 104
Progress:	32 / 104
Progress:	33 / 104
Progress:	34 / 104
Progress:	35 / 104
Progress:	36 / 104
Progress:	37 / 104
Progress:	38 / 104
Progress:	39 / 104
Progress:	40 / 104
Progress:	41 / 104
Progress:	42 / 104
Progress:	43 / 104
Progress:	44 / 104
Progress:	45 / 104
Progress:	46 / 104
Progress:	47 / 104
Progress:	48 / 104
Progress:	49 / 104
Progress:	50 / 104
Progress:	51 / 104
Progress:	52 / 104
Progress:	53 / 104
Progress:	54 / 104
Progress:	55 / 104
Progress:	56 / 104
Progress:	57 / 104
Progress:	58 / 104
Progress:	59 / 104
Progress:	60 / 104
Progress:	61 / 104
Progress:	62 / 104
Progress:	63 / 104
Progress:	64 / 104
Progress:	65 / 104
Progress:	66 / 104
Progress:	67 / 104
Progress:	68 / 104
Progress:	69 / 104
Progress:	70 / 104
Progress:	71 / 104
Progress:	72 / 104
Progress:	73 / 104
Progress:	74 / 104
Progress:	75 / 104
Progress:	76 / 104
Progress:	77 / 104
Progress:	78 / 104
Progress:	79 / 104
Progress:	80 / 104
Progress:	81 / 104
Progress:	82 / 104
Progress:	83 / 104
Progress:	84 / 104
Progress:	85 / 104
Progress:	86 / 104
Progress:	87 / 104
Progress:	88 / 104
Progress:	89 / 104
Progress:	90 / 104
Progress:	91 / 104
Progress:	92 / 104
Progress:	93 / 104
Progress:	94 / 104
Progress:	95 / 104
Progress:	96 / 104
Progress:	97 / 104
Progress:	98 / 104
Progress:	99 / 104
Progress:	100 / 104
Progress:	101 / 104
Progress:	102 / 104
Progress:	103 / 104
Progress:	104 / 104
predict size:	(104, 32, 32)
block size:	(32, 32)
max:	238.119
min:	38.7841
3642.84118605
Done
