Progress:	1 / 2040
Progress:	2 / 2040
Progress:	3 / 2040
Progress:	4 / 2040
Progress:	5 / 2040
Progress:	6 / 2040
Progress:	7 / 2040
Progress:	8 / 2040
Progress:	9 / 2040
Progress:	10 / 2040
Progress:	11 / 2040
Progress:	12 / 2040
Progress:	13 / 2040
Progress:	14 / 2040
Progress:	15 / 2040
Progress:	16 / 2040
Progress:	17 / 2040
Progress:	18 / 2040
Progress:	19 / 2040
Progress:	20 / 2040
Progress:	21 / 2040
Progress:	22 / 2040
Progress:	23 / 2040
Progress:	24 / 2040
Progress:	25 / 2040
Progress:	26 / 2040
Progress:	27 / 2040
Progress:	28 / 2040
Progress:	29 / 2040
Progress:	30 / 2040
Progress:	31 / 2040
Progress:	32 / 2040
Progress:	33 / 2040
Progress:	34 / 2040
Progress:	35 / 2040
Progress:	36 / 2040
Progress:	37 / 2040
Progress:	38 / 2040
Progress:	39 / 2040
Progress:	40 / 2040
Progress:	41 / 2040
Progress:	42 / 2040
Progress:	43 / 2040
Progress:	44 / 2040
Progress:	45 / 2040
Progress:	46 / 2040
Progress:	47 / 2040
Progress:	48 / 2040
Progress:	49 / 2040
Progress:	50 / 2040
Progress:	51 / 2040
Progress:	52 / 2040
Progress:	53 / 2040
Progress:	54 / 2040
Progress:	55 / 2040
Progress:	56 / 2040
Progress:	57 / 2040
Progress:	58 / 2040
Progress:	59 / 2040
Progress:	60 / 2040
Progress:	61 / 2040
Progress:	62 / 2040
Progress:	63 / 2040
Progress:	64 / 2040
Progress:	65 / 2040
Progress:	66 / 2040
Progress:	67 / 2040
Progress:	68 / 2040
Progress:	69 / 2040
Progress:	70 / 2040
Progress:	71 / 2040
Progress:	72 / 2040
Progress:	73 / 2040
Progress:	74 / 2040
Progress:	75 / 2040
Progress:	76 / 2040
Progress:	77 / 2040
Progress:	78 / 2040
Progress:	79 / 2040
Progress:	80 / 2040
Progress:	81 / 2040
Progress:	82 / 2040
Progress:	83 / 2040
Progress:	84 / 2040
Progress:	85 / 2040
Progress:	86 / 2040
Progress:	87 / 2040
Progress:	88 / 2040
Progress:	89 / 2040
Progress:	90 / 2040
Progress:	91 / 2040
Progress:	92 / 2040
Progress:	93 / 2040
Progress:	94 / 2040
Progress:	95 / 2040
Progress:	96 / 2040
Progress:	97 / 2040
Progress:	98 / 2040
Progress:	99 / 2040
Progress:	100 / 2040
Progress:	101 / 2040
Progress:	102 / 2040
Progress:	103 / 2040
Progress:	104 / 2040
Progress:	105 / 2040
Progress:	106 / 2040
Progress:	107 / 2040
Progress:	108 / 2040
Progress:	109 / 2040
Progress:	110 / 2040
Progress:	111 / 2040
Progress:	112 / 2040
Progress:	113 / 2040
Progress:	114 / 2040
Progress:	115 / 2040
Progress:	116 / 2040
Progress:	117 / 2040
Progress:	118 / 2040
Progress:	119 / 2040
Progress:	120 / 2040
Progress:	121 / 2040
Progress:	122 / 2040
Progress:	123 / 2040
Progress:	124 / 2040
Progress:	125 / 2040
Progress:	126 / 2040
Progress:	127 / 2040
Progress:	128 / 2040
Progress:	129 / 2040
Progress:	130 / 2040
Progress:	131 / 2040
Progress:	132 / 2040
Progress:	133 / 2040
Progress:	134 / 2040
Progress:	135 / 2040
Progress:	136 / 2040
Progress:	137 / 2040
Progress:	138 / 2040
Progress:	139 / 2040
Progress:	140 / 2040
Progress:	141 / 2040
Progress:	142 / 2040
Progress:	143 / 2040
Progress:	144 / 2040
Progress:	145 / 2040
Progress:	146 / 2040
Progress:	147 / 2040
Progress:	148 / 2040
Progress:	149 / 2040
Progress:	150 / 2040
Progress:	151 / 2040
Progress:	152 / 2040
Progress:	153 / 2040
Progress:	154 / 2040
Progress:	155 / 2040
Progress:	156 / 2040
Progress:	157 / 2040
Progress:	158 / 2040
Progress:	159 / 2040
Progress:	160 / 2040
Progress:	161 / 2040
Progress:	162 / 2040
Progress:	163 / 2040
Progress:	164 / 2040
Progress:	165 / 2040
Progress:	166 / 2040
Progress:	167 / 2040
Progress:	168 / 2040
Progress:	169 / 2040
Progress:	170 / 2040
Progress:	171 / 2040
Progress:	172 / 2040
Progress:	173 / 2040
Progress:	174 / 2040
Progress:	175 / 2040
Progress:	176 / 2040
Progress:	177 / 2040
Progress:	178 / 2040
Progress:	179 / 2040
Progress:	180 / 2040
Progress:	181 / 2040
Progress:	182 / 2040
Progress:	183 / 2040
Progress:	184 / 2040
Progress:	185 / 2040
Progress:	186 / 2040
Progress:	187 / 2040
Progress:	188 / 2040
Progress:	189 / 2040
Progress:	190 / 2040
Progress:	191 / 2040
Progress:	192 / 2040
Progress:	193 / 2040
Progress:	194 / 2040
Progress:	195 / 2040
Progress:	196 / 2040
Progress:	197 / 2040
Progress:	198 / 2040
Progress:	199 / 2040
Progress:	200 / 2040
Progress:	201 / 2040
Progress:	202 / 2040
Progress:	203 / 2040
Progress:	204 / 2040
Progress:	205 / 2040
Progress:	206 / 2040
Progress:	207 / 2040
Progress:	208 / 2040
Progress:	209 / 2040
Progress:	210 / 2040
Progress:	211 / 2040
Progress:	212 / 2040
Progress:	213 / 2040
Progress:	214 / 2040
Progress:	215 / 2040
Progress:	216 / 2040
Progress:	217 / 2040
Progress:	218 / 2040
Progress:	219 / 2040
Progress:	220 / 2040
Progress:	221 / 2040
Progress:	222 / 2040
Progress:	223 / 2040
Progress:	224 / 2040
Progress:	225 / 2040
Progress:	226 / 2040
Progress:	227 / 2040
Progress:	228 / 2040
Progress:	229 / 2040
Progress:	230 / 2040
Progress:	231 / 2040
Progress:	232 / 2040
Progress:	233 / 2040
Progress:	234 / 2040
Progress:	235 / 2040
Progress:	236 / 2040
Progress:	237 / 2040
Progress:	238 / 2040
Progress:	239 / 2040
Progress:	240 / 2040
Progress:	241 / 2040
Progress:	242 / 2040
Progress:	243 / 2040
Progress:	244 / 2040
Progress:	245 / 2040
Progress:	246 / 2040
Progress:	247 / 2040
Progress:	248 / 2040
Progress:	249 / 2040
Progress:	250 / 2040
Progress:	251 / 2040
Progress:	252 / 2040
Progress:	253 / 2040
Progress:	254 / 2040
Progress:	255 / 2040
Progress:	256 / 2040
Progress:	257 / 2040
Progress:	258 / 2040
Progress:	259 / 2040
Progress:	260 / 2040
Progress:	261 / 2040
Progress:	262 / 2040
Progress:	263 / 2040
Progress:	264 / 2040
Progress:	265 / 2040
Progress:	266 / 2040
Progress:	267 / 2040
Progress:	268 / 2040
Progress:	269 / 2040
Progress:	270 / 2040
Progress:	271 / 2040
Progress:	272 / 2040
Progress:	273 / 2040
Progress:	274 / 2040
Progress:	275 / 2040
Progress:	276 / 2040
Progress:	277 / 2040
Progress:	278 / 2040
Progress:	279 / 2040
Progress:	280 / 2040
Progress:	281 / 2040
Progress:	282 / 2040
Progress:	283 / 2040
Progress:	284 / 2040
Progress:	285 / 2040
Progress:	286 / 2040
Progress:	287 / 2040
Progress:	288 / 2040
Progress:	289 / 2040
Progress:	290 / 2040
Progress:	291 / 2040
Progress:	292 / 2040
Progress:	293 / 2040
Progress:	294 / 2040
Progress:	295 / 2040
Progress:	296 / 2040
Progress:	297 / 2040
Progress:	298 / 2040
Progress:	299 / 2040
Progress:	300 / 2040
Progress:	301 / 2040
Progress:	302 / 2040
Progress:	303 / 2040
Progress:	304 / 2040
Progress:	305 / 2040
Progress:	306 / 2040
Progress:	307 / 2040
Progress:	308 / 2040
Progress:	309 / 2040
Progress:	310 / 2040
Progress:	311 / 2040
Progress:	312 / 2040
Progress:	313 / 2040
Progress:	314 / 2040
Progress:	315 / 2040
Progress:	316 / 2040
Progress:	317 / 2040
Progress:	318 / 2040
Progress:	319 / 2040
Progress:	320 / 2040
Progress:	321 / 2040
Progress:	322 / 2040
Progress:	323 / 2040
Progress:	324 / 2040
Progress:	325 / 2040
Progress:	326 / 2040
Progress:	327 / 2040
Progress:	328 / 2040
Progress:	329 / 2040
Progress:	330 / 2040
Progress:	331 / 2040
Progress:	332 / 2040
Progress:	333 / 2040
Progress:	334 / 2040
Progress:	335 / 2040
Progress:	336 / 2040
Progress:	337 / 2040
Progress:	338 / 2040
Progress:	339 / 2040
Progress:	340 / 2040
Progress:	341 / 2040
Progress:	342 / 2040
Progress:	343 / 2040
Progress:	344 / 2040
Progress:	345 / 2040
Progress:	346 / 2040
Progress:	347 / 2040
Progress:	348 / 2040
Progress:	349 / 2040
Progress:	350 / 2040
Progress:	351 / 2040
Progress:	352 / 2040
Progress:	353 / 2040
Progress:	354 / 2040
Progress:	355 / 2040
Progress:	356 / 2040
Progress:	357 / 2040
Progress:	358 / 2040
Progress:	359 / 2040
Progress:	360 / 2040
Progress:	361 / 2040
Progress:	362 / 2040
Progress:	363 / 2040
Progress:	364 / 2040
Progress:	365 / 2040
Progress:	366 / 2040
Progress:	367 / 2040
Progress:	368 / 2040
Progress:	369 / 2040
Progress:	370 / 2040
Progress:	371 / 2040
Progress:	372 / 2040
Progress:	373 / 2040
Progress:	374 / 2040
Progress:	375 / 2040
Progress:	376 / 2040
Progress:	377 / 2040
Progress:	378 / 2040
Progress:	379 / 2040
Progress:	380 / 2040
Progress:	381 / 2040
Progress:	382 / 2040
Progress:	383 / 2040
Progress:	384 / 2040
Progress:	385 / 2040
Progress:	386 / 2040
Progress:	387 / 2040
Progress:	388 / 2040
Progress:	389 / 2040
Progress:	390 / 2040
Progress:	391 / 2040
Progress:	392 / 2040
Progress:	393 / 2040
Progress:	394 / 2040
Progress:	395 / 2040
Progress:	396 / 2040
Progress:	397 / 2040
Progress:	398 / 2040
Progress:	399 / 2040
Progress:	400 / 2040
Progress:	401 / 2040
Progress:	402 / 2040
Progress:	403 / 2040
Progress:	404 / 2040
Progress:	405 / 2040
Progress:	406 / 2040
Progress:	407 / 2040
Progress:	408 / 2040
Progress:	409 / 2040
Progress:	410 / 2040
Progress:	411 / 2040
Progress:	412 / 2040
Progress:	413 / 2040
Progress:	414 / 2040
Progress:	415 / 2040
Progress:	416 / 2040
Progress:	417 / 2040
Progress:	418 / 2040
Progress:	419 / 2040
Progress:	420 / 2040
Progress:	421 / 2040
Progress:	422 / 2040
Progress:	423 / 2040
Progress:	424 / 2040
Progress:	425 / 2040
Progress:	426 / 2040
Progress:	427 / 2040
Progress:	428 / 2040
Progress:	429 / 2040
Progress:	430 / 2040
Progress:	431 / 2040
Progress:	432 / 2040
Progress:	433 / 2040
Progress:	434 / 2040
Progress:	435 / 2040
Progress:	436 / 2040
Progress:	437 / 2040
Progress:	438 / 2040
Progress:	439 / 2040
Progress:	440 / 2040
Progress:	441 / 2040
Progress:	442 / 2040
Progress:	443 / 2040
Progress:	444 / 2040
Progress:	445 / 2040
Progress:	446 / 2040
Progress:	447 / 2040
Progress:	448 / 2040
Progress:	449 / 2040
Progress:	450 / 2040
Progress:	451 / 2040
Progress:	452 / 2040
Progress:	453 / 2040
Progress:	454 / 2040
Progress:	455 / 2040
Progress:	456 / 2040
Progress:	457 / 2040
Progress:	458 / 2040
Progress:	459 / 2040
Progress:	460 / 2040
Progress:	461 / 2040
Progress:	462 / 2040
Progress:	463 / 2040
Progress:	464 / 2040
Progress:	465 / 2040
Progress:	466 / 2040
Progress:	467 / 2040
Progress:	468 / 2040
Progress:	469 / 2040
Progress:	470 / 2040
Progress:	471 / 2040
Progress:	472 / 2040
Progress:	473 / 2040
Progress:	474 / 2040
Progress:	475 / 2040
Progress:	476 / 2040
Progress:	477 / 2040
Progress:	478 / 2040
Progress:	479 / 2040
Progress:	480 / 2040
Progress:	481 / 2040
Progress:	482 / 2040
Progress:	483 / 2040
Progress:	484 / 2040
Progress:	485 / 2040
Progress:	486 / 2040
Progress:	487 / 2040
Progress:	488 / 2040
Progress:	489 / 2040
Progress:	490 / 2040
Progress:	491 / 2040
Progress:	492 / 2040
Progress:	493 / 2040
Progress:	494 / 2040
Progress:	495 / 2040
Progress:	496 / 2040
Progress:	497 / 2040
Progress:	498 / 2040
Progress:	499 / 2040
Progress:	500 / 2040
Progress:	501 / 2040
Progress:	502 / 2040
Progress:	503 / 2040
Progress:	504 / 2040
Progress:	505 / 2040
Progress:	506 / 2040
Progress:	507 / 2040
Progress:	508 / 2040
Progress:	509 / 2040
Progress:	510 / 2040
Progress:	511 / 2040
Progress:	512 / 2040
Progress:	513 / 2040
Progress:	514 / 2040
Progress:	515 / 2040
Progress:	516 / 2040
Progress:	517 / 2040
Progress:	518 / 2040
Progress:	519 / 2040
Progress:	520 / 2040
Progress:	521 / 2040
Progress:	522 / 2040
Progress:	523 / 2040
Progress:	524 / 2040
Progress:	525 / 2040
Progress:	526 / 2040
Progress:	527 / 2040
Progress:	528 / 2040
Progress:	529 / 2040
Progress:	530 / 2040
Progress:	531 / 2040
Progress:	532 / 2040
Progress:	533 / 2040
Progress:	534 / 2040
Progress:	535 / 2040
Progress:	536 / 2040
Progress:	537 / 2040
Progress:	538 / 2040
Progress:	539 / 2040
Progress:	540 / 2040
Progress:	541 / 2040
Progress:	542 / 2040
Progress:	543 / 2040
Progress:	544 / 2040
Progress:	545 / 2040
Progress:	546 / 2040
Progress:	547 / 2040
Progress:	548 / 2040
Progress:	549 / 2040
Progress:	550 / 2040
Progress:	551 / 2040
Progress:	552 / 2040
Progress:	553 / 2040
Progress:	554 / 2040
Progress:	555 / 2040
Progress:	556 / 2040
Progress:	557 / 2040
Progress:	558 / 2040
Progress:	559 / 2040
Progress:	560 / 2040
Progress:	561 / 2040
Progress:	562 / 2040
Progress:	563 / 2040
Progress:	564 / 2040
Progress:	565 / 2040
Progress:	566 / 2040
Progress:	567 / 2040
Progress:	568 / 2040
Progress:	569 / 2040
Progress:	570 / 2040
Progress:	571 / 2040
Progress:	572 / 2040
Progress:	573 / 2040
Progress:	574 / 2040
Progress:	575 / 2040
Progress:	576 / 2040
Progress:	577 / 2040
Progress:	578 / 2040
Progress:	579 / 2040
Progress:	580 / 2040
Progress:	581 / 2040
Progress:	582 / 2040
Progress:	583 / 2040
Progress:	584 / 2040
Progress:	585 / 2040
Progress:	586 / 2040
Progress:	587 / 2040
Progress:	588 / 2040
Progress:	589 / 2040
Progress:	590 / 2040
Progress:	591 / 2040
Progress:	592 / 2040
Progress:	593 / 2040
Progress:	594 / 2040
Progress:	595 / 2040
Progress:	596 / 2040
Progress:	597 / 2040
Progress:	598 / 2040
Progress:	599 / 2040
Progress:	600 / 2040
Progress:	601 / 2040
Progress:	602 / 2040
Progress:	603 / 2040
Progress:	604 / 2040
Progress:	605 / 2040
Progress:	606 / 2040
Progress:	607 / 2040
Progress:	608 / 2040
Progress:	609 / 2040
Progress:	610 / 2040
Progress:	611 / 2040
Progress:	612 / 2040
Progress:	613 / 2040
Progress:	614 / 2040
Progress:	615 / 2040
Progress:	616 / 2040
Progress:	617 / 2040
Progress:	618 / 2040
Progress:	619 / 2040
Progress:	620 / 2040
Progress:	621 / 2040
Progress:	622 / 2040
Progress:	623 / 2040
Progress:	624 / 2040
Progress:	625 / 2040
Progress:	626 / 2040
Progress:	627 / 2040
Progress:	628 / 2040
Progress:	629 / 2040
Progress:	630 / 2040
Progress:	631 / 2040
Progress:	632 / 2040
Progress:	633 / 2040
Progress:	634 / 2040
Progress:	635 / 2040
Progress:	636 / 2040
Progress:	637 / 2040
Progress:	638 / 2040
Progress:	639 / 2040
Progress:	640 / 2040
Progress:	641 / 2040
Progress:	642 / 2040
Progress:	643 / 2040
Progress:	644 / 2040
Progress:	645 / 2040
Progress:	646 / 2040
Progress:	647 / 2040
Progress:	648 / 2040
Progress:	649 / 2040
Progress:	650 / 2040
Progress:	651 / 2040
Progress:	652 / 2040
Progress:	653 / 2040
Progress:	654 / 2040
Progress:	655 / 2040
Progress:	656 / 2040
Progress:	657 / 2040
Progress:	658 / 2040
Progress:	659 / 2040
Progress:	660 / 2040
Progress:	661 / 2040
Progress:	662 / 2040
Progress:	663 / 2040
Progress:	664 / 2040
Progress:	665 / 2040
Progress:	666 / 2040
Progress:	667 / 2040
Progress:	668 / 2040
Progress:	669 / 2040
Progress:	670 / 2040
Progress:	671 / 2040
Progress:	672 / 2040
Progress:	673 / 2040
Progress:	674 / 2040
Progress:	675 / 2040
Progress:	676 / 2040
Progress:	677 / 2040
Progress:	678 / 2040
Progress:	679 / 2040
Progress:	680 / 2040
Progress:	681 / 2040
Progress:	682 / 2040
Progress:	683 / 2040
Progress:	684 / 2040
Progress:	685 / 2040
Progress:	686 / 2040
Progress:	687 / 2040
Progress:	688 / 2040
Progress:	689 / 2040
Progress:	690 / 2040
Progress:	691 / 2040
Progress:	692 / 2040
Progress:	693 / 2040
Progress:	694 / 2040
Progress:	695 / 2040
Progress:	696 / 2040
Progress:	697 / 2040
Progress:	698 / 2040
Progress:	699 / 2040
Progress:	700 / 2040
Progress:	701 / 2040
Progress:	702 / 2040
Progress:	703 / 2040
Progress:	704 / 2040
Progress:	705 / 2040
Progress:	706 / 2040
Progress:	707 / 2040
Progress:	708 / 2040
Progress:	709 / 2040
Progress:	710 / 2040
Progress:	711 / 2040
Progress:	712 / 2040
Progress:	713 / 2040
Progress:	714 / 2040
Progress:	715 / 2040
Progress:	716 / 2040
Progress:	717 / 2040
Progress:	718 / 2040
Progress:	719 / 2040
Progress:	720 / 2040
Progress:	721 / 2040
Progress:	722 / 2040
Progress:	723 / 2040
Progress:	724 / 2040
Progress:	725 / 2040
Progress:	726 / 2040
Progress:	727 / 2040
Progress:	728 / 2040
Progress:	729 / 2040
Progress:	730 / 2040
Progress:	731 / 2040
Progress:	732 / 2040
Progress:	733 / 2040
Progress:	734 / 2040
Progress:	735 / 2040
Progress:	736 / 2040
Progress:	737 / 2040
Progress:	738 / 2040
Progress:	739 / 2040
Progress:	740 / 2040
Progress:	741 / 2040
Progress:	742 / 2040
Progress:	743 / 2040
Progress:	744 / 2040
Progress:	745 / 2040
Progress:	746 / 2040
Progress:	747 / 2040
Progress:	748 / 2040
Progress:	749 / 2040
Progress:	750 / 2040
Progress:	751 / 2040
Progress:	752 / 2040
Progress:	753 / 2040
Progress:	754 / 2040
Progress:	755 / 2040
Progress:	756 / 2040
Progress:	757 / 2040
Progress:	758 / 2040
Progress:	759 / 2040
Progress:	760 / 2040
Progress:	761 / 2040
Progress:	762 / 2040
Progress:	763 / 2040
Progress:	764 / 2040
Progress:	765 / 2040
Progress:	766 / 2040
Progress:	767 / 2040
Progress:	768 / 2040
Progress:	769 / 2040
Progress:	770 / 2040
Progress:	771 / 2040
Progress:	772 / 2040
Progress:	773 / 2040
Progress:	774 / 2040
Progress:	775 / 2040
Progress:	776 / 2040
Progress:	777 / 2040
Progress:	778 / 2040
Progress:	779 / 2040
Progress:	780 / 2040
Progress:	781 / 2040
Progress:	782 / 2040
Progress:	783 / 2040
Progress:	784 / 2040
Progress:	785 / 2040
Progress:	786 / 2040
Progress:	787 / 2040
Progress:	788 / 2040
Progress:	789 / 2040
Progress:	790 / 2040
Progress:	791 / 2040
Progress:	792 / 2040
Progress:	793 / 2040
Progress:	794 / 2040
Progress:	795 / 2040
Progress:	796 / 2040
Progress:	797 / 2040
Progress:	798 / 2040
Progress:	799 / 2040
Progress:	800 / 2040
Progress:	801 / 2040
Progress:	802 / 2040
Progress:	803 / 2040
Progress:	804 / 2040
Progress:	805 / 2040
Progress:	806 / 2040
Progress:	807 / 2040
Progress:	808 / 2040
Progress:	809 / 2040
Progress:	810 / 2040
Progress:	811 / 2040
Progress:	812 / 2040
Progress:	813 / 2040
Progress:	814 / 2040
Progress:	815 / 2040
Progress:	816 / 2040
Progress:	817 / 2040
Progress:	818 / 2040
Progress:	819 / 2040
Progress:	820 / 2040
Progress:	821 / 2040
Progress:	822 / 2040
Progress:	823 / 2040
Progress:	824 / 2040
Progress:	825 / 2040
Progress:	826 / 2040
Progress:	827 / 2040
Progress:	828 / 2040
Progress:	829 / 2040
Progress:	830 / 2040
Progress:	831 / 2040
Progress:	832 / 2040
Progress:	833 / 2040
Progress:	834 / 2040
Progress:	835 / 2040
Progress:	836 / 2040
Progress:	837 / 2040
Progress:	838 / 2040
Progress:	839 / 2040
Progress:	840 / 2040
Progress:	841 / 2040
Progress:	842 / 2040
Progress:	843 / 2040
Progress:	844 / 2040
Progress:	845 / 2040
Progress:	846 / 2040
Progress:	847 / 2040
Progress:	848 / 2040
Progress:	849 / 2040
Progress:	850 / 2040
Progress:	851 / 2040
Progress:	852 / 2040
Progress:	853 / 2040
Progress:	854 / 2040
Progress:	855 / 2040
Progress:	856 / 2040
Progress:	857 / 2040
Progress:	858 / 2040
Progress:	859 / 2040
Progress:	860 / 2040
Progress:	861 / 2040
Progress:	862 / 2040
Progress:	863 / 2040
Progress:	864 / 2040
Progress:	865 / 2040
Progress:	866 / 2040
Progress:	867 / 2040
Progress:	868 / 2040
Progress:	869 / 2040
Progress:	870 / 2040
Progress:	871 / 2040
Progress:	872 / 2040
Progress:	873 / 2040
Progress:	874 / 2040
Progress:	875 / 2040
Progress:	876 / 2040
Progress:	877 / 2040
Progress:	878 / 2040
Progress:	879 / 2040
Progress:	880 / 2040
Progress:	881 / 2040
Progress:	882 / 2040
Progress:	883 / 2040
Progress:	884 / 2040
Progress:	885 / 2040
Progress:	886 / 2040
Progress:	887 / 2040
Progress:	888 / 2040
Progress:	889 / 2040
Progress:	890 / 2040
Progress:	891 / 2040
Progress:	892 / 2040
Progress:	893 / 2040
Progress:	894 / 2040
Progress:	895 / 2040
Progress:	896 / 2040
Progress:	897 / 2040
Progress:	898 / 2040
Progress:	899 / 2040
Progress:	900 / 2040
Progress:	901 / 2040
Progress:	902 / 2040
Progress:	903 / 2040
Progress:	904 / 2040
Progress:	905 / 2040
Progress:	906 / 2040
Progress:	907 / 2040
Progress:	908 / 2040
Progress:	909 / 2040
Progress:	910 / 2040
Progress:	911 / 2040
Progress:	912 / 2040
Progress:	913 / 2040
Progress:	914 / 2040
Progress:	915 / 2040
Progress:	916 / 2040
Progress:	917 / 2040
Progress:	918 / 2040
Progress:	919 / 2040
Progress:	920 / 2040
Progress:	921 / 2040
Progress:	922 / 2040
Progress:	923 / 2040
Progress:	924 / 2040
Progress:	925 / 2040
Progress:	926 / 2040
Progress:	927 / 2040
Progress:	928 / 2040
Progress:	929 / 2040
Progress:	930 / 2040
Progress:	931 / 2040
Progress:	932 / 2040
Progress:	933 / 2040
Progress:	934 / 2040
Progress:	935 / 2040
Progress:	936 / 2040
Progress:	937 / 2040
Progress:	938 / 2040
Progress:	939 / 2040
Progress:	940 / 2040
Progress:	941 / 2040
Progress:	942 / 2040
Progress:	943 / 2040
Progress:	944 / 2040
Progress:	945 / 2040
Progress:	946 / 2040
Progress:	947 / 2040
Progress:	948 / 2040
Progress:	949 / 2040
Progress:	950 / 2040
Progress:	951 / 2040
Progress:	952 / 2040
Progress:	953 / 2040
Progress:	954 / 2040
Progress:	955 / 2040
Progress:	956 / 2040
Progress:	957 / 2040
Progress:	958 / 2040
Progress:	959 / 2040
Progress:	960 / 2040
Progress:	961 / 2040
Progress:	962 / 2040
Progress:	963 / 2040
Progress:	964 / 2040
Progress:	965 / 2040
Progress:	966 / 2040
Progress:	967 / 2040
Progress:	968 / 2040
Progress:	969 / 2040
Progress:	970 / 2040
Progress:	971 / 2040
Progress:	972 / 2040
Progress:	973 / 2040
Progress:	974 / 2040
Progress:	975 / 2040
Progress:	976 / 2040
Progress:	977 / 2040
Progress:	978 / 2040
Progress:	979 / 2040
Progress:	980 / 2040
Progress:	981 / 2040
Progress:	982 / 2040
Progress:	983 / 2040
Progress:	984 / 2040
Progress:	985 / 2040
Progress:	986 / 2040
Progress:	987 / 2040
Progress:	988 / 2040
Progress:	989 / 2040
Progress:	990 / 2040
Progress:	991 / 2040
Progress:	992 / 2040
Progress:	993 / 2040
Progress:	994 / 2040
Progress:	995 / 2040
Progress:	996 / 2040
Progress:	997 / 2040
Progress:	998 / 2040
Progress:	999 / 2040
Progress:	1000 / 2040
Progress:	1001 / 2040
Progress:	1002 / 2040
Progress:	1003 / 2040
Progress:	1004 / 2040
Progress:	1005 / 2040
Progress:	1006 / 2040
Progress:	1007 / 2040
Progress:	1008 / 2040
Progress:	1009 / 2040
Progress:	1010 / 2040
Progress:	1011 / 2040
Progress:	1012 / 2040
Progress:	1013 / 2040
Progress:	1014 / 2040
Progress:	1015 / 2040
Progress:	1016 / 2040
Progress:	1017 / 2040
Progress:	1018 / 2040
Progress:	1019 / 2040
Progress:	1020 / 2040
Progress:	1021 / 2040
Progress:	1022 / 2040
Progress:	1023 / 2040
Progress:	1024 / 2040
Progress:	1025 / 2040
Progress:	1026 / 2040
Progress:	1027 / 2040
Progress:	1028 / 2040
Progress:	1029 / 2040
Progress:	1030 / 2040
Progress:	1031 / 2040
Progress:	1032 / 2040
Progress:	1033 / 2040
Progress:	1034 / 2040
Progress:	1035 / 2040
Progress:	1036 / 2040
Progress:	1037 / 2040
Progress:	1038 / 2040
Progress:	1039 / 2040
Progress:	1040 / 2040
Progress:	1041 / 2040
Progress:	1042 / 2040
Progress:	1043 / 2040
Progress:	1044 / 2040
Progress:	1045 / 2040
Progress:	1046 / 2040
Progress:	1047 / 2040
Progress:	1048 / 2040
Progress:	1049 / 2040
Progress:	1050 / 2040
Progress:	1051 / 2040
Progress:	1052 / 2040
Progress:	1053 / 2040
Progress:	1054 / 2040
Progress:	1055 / 2040
Progress:	1056 / 2040
Progress:	1057 / 2040
Progress:	1058 / 2040
Progress:	1059 / 2040
Progress:	1060 / 2040
Progress:	1061 / 2040
Progress:	1062 / 2040
Progress:	1063 / 2040
Progress:	1064 / 2040
Progress:	1065 / 2040
Progress:	1066 / 2040
Progress:	1067 / 2040
Progress:	1068 / 2040
Progress:	1069 / 2040
Progress:	1070 / 2040
Progress:	1071 / 2040
Progress:	1072 / 2040
Progress:	1073 / 2040
Progress:	1074 / 2040
Progress:	1075 / 2040
Progress:	1076 / 2040
Progress:	1077 / 2040
Progress:	1078 / 2040
Progress:	1079 / 2040
Progress:	1080 / 2040
Progress:	1081 / 2040
Progress:	1082 / 2040
Progress:	1083 / 2040
Progress:	1084 / 2040
Progress:	1085 / 2040
Progress:	1086 / 2040
Progress:	1087 / 2040
Progress:	1088 / 2040
Progress:	1089 / 2040
Progress:	1090 / 2040
Progress:	1091 / 2040
Progress:	1092 / 2040
Progress:	1093 / 2040
Progress:	1094 / 2040
Progress:	1095 / 2040
Progress:	1096 / 2040
Progress:	1097 / 2040
Progress:	1098 / 2040
Progress:	1099 / 2040
Progress:	1100 / 2040
Progress:	1101 / 2040
Progress:	1102 / 2040
Progress:	1103 / 2040
Progress:	1104 / 2040
Progress:	1105 / 2040
Progress:	1106 / 2040
Progress:	1107 / 2040
Progress:	1108 / 2040
Progress:	1109 / 2040
Progress:	1110 / 2040
Progress:	1111 / 2040
Progress:	1112 / 2040
Progress:	1113 / 2040
Progress:	1114 / 2040
Progress:	1115 / 2040
Progress:	1116 / 2040
Progress:	1117 / 2040
Progress:	1118 / 2040
Progress:	1119 / 2040
Progress:	1120 / 2040
Progress:	1121 / 2040
Progress:	1122 / 2040
Progress:	1123 / 2040
Progress:	1124 / 2040
Progress:	1125 / 2040
Progress:	1126 / 2040
Progress:	1127 / 2040
Progress:	1128 / 2040
Progress:	1129 / 2040
Progress:	1130 / 2040
Progress:	1131 / 2040
Progress:	1132 / 2040
Progress:	1133 / 2040
Progress:	1134 / 2040
Progress:	1135 / 2040
Progress:	1136 / 2040
Progress:	1137 / 2040
Progress:	1138 / 2040
Progress:	1139 / 2040
Progress:	1140 / 2040
Progress:	1141 / 2040
Progress:	1142 / 2040
Progress:	1143 / 2040
Progress:	1144 / 2040
Progress:	1145 / 2040
Progress:	1146 / 2040
Progress:	1147 / 2040
Progress:	1148 / 2040
Progress:	1149 / 2040
Progress:	1150 / 2040
Progress:	1151 / 2040
Progress:	1152 / 2040
Progress:	1153 / 2040
Progress:	1154 / 2040
Progress:	1155 / 2040
Progress:	1156 / 2040
Progress:	1157 / 2040
Progress:	1158 / 2040
Progress:	1159 / 2040
Progress:	1160 / 2040
Progress:	1161 / 2040
Progress:	1162 / 2040
Progress:	1163 / 2040
Progress:	1164 / 2040
Progress:	1165 / 2040
Progress:	1166 / 2040
Progress:	1167 / 2040
Progress:	1168 / 2040
Progress:	1169 / 2040
Progress:	1170 / 2040
Progress:	1171 / 2040
Progress:	1172 / 2040
Progress:	1173 / 2040
Progress:	1174 / 2040
Progress:	1175 / 2040
Progress:	1176 / 2040
Progress:	1177 / 2040
Progress:	1178 / 2040
Progress:	1179 / 2040
Progress:	1180 / 2040
Progress:	1181 / 2040
Progress:	1182 / 2040
Progress:	1183 / 2040
Progress:	1184 / 2040
Progress:	1185 / 2040
Progress:	1186 / 2040
Progress:	1187 / 2040
Progress:	1188 / 2040
Progress:	1189 / 2040
Progress:	1190 / 2040
Progress:	1191 / 2040
Progress:	1192 / 2040
Progress:	1193 / 2040
Progress:	1194 / 2040
Progress:	1195 / 2040
Progress:	1196 / 2040
Progress:	1197 / 2040
Progress:	1198 / 2040
Progress:	1199 / 2040
Progress:	1200 / 2040
Progress:	1201 / 2040
Progress:	1202 / 2040
Progress:	1203 / 2040
Progress:	1204 / 2040
Progress:	1205 / 2040
Progress:	1206 / 2040
Progress:	1207 / 2040
Progress:	1208 / 2040
Progress:	1209 / 2040
Progress:	1210 / 2040
Progress:	1211 / 2040
Progress:	1212 / 2040
Progress:	1213 / 2040
Progress:	1214 / 2040
Progress:	1215 / 2040
Progress:	1216 / 2040
Progress:	1217 / 2040
Progress:	1218 / 2040
Progress:	1219 / 2040
Progress:	1220 / 2040
Progress:	1221 / 2040
Progress:	1222 / 2040
Progress:	1223 / 2040
Progress:	1224 / 2040
Progress:	1225 / 2040
Progress:	1226 / 2040
Progress:	1227 / 2040
Progress:	1228 / 2040
Progress:	1229 / 2040
Progress:	1230 / 2040
Progress:	1231 / 2040
Progress:	1232 / 2040
Progress:	1233 / 2040
Progress:	1234 / 2040
Progress:	1235 / 2040
Progress:	1236 / 2040
Progress:	1237 / 2040
Progress:	1238 / 2040
Progress:	1239 / 2040
Progress:	1240 / 2040
Progress:	1241 / 2040
Progress:	1242 / 2040
Progress:	1243 / 2040
Progress:	1244 / 2040
Progress:	1245 / 2040
Progress:	1246 / 2040
Progress:	1247 / 2040
Progress:	1248 / 2040
Progress:	1249 / 2040
Progress:	1250 / 2040
Progress:	1251 / 2040
Progress:	1252 / 2040
Progress:	1253 / 2040
Progress:	1254 / 2040
Progress:	1255 / 2040
Progress:	1256 / 2040
Progress:	1257 / 2040
Progress:	1258 / 2040
Progress:	1259 / 2040
Progress:	1260 / 2040
Progress:	1261 / 2040
Progress:	1262 / 2040
Progress:	1263 / 2040
Progress:	1264 / 2040
Progress:	1265 / 2040
Progress:	1266 / 2040
Progress:	1267 / 2040
Progress:	1268 / 2040
Progress:	1269 / 2040
Progress:	1270 / 2040
Progress:	1271 / 2040
Progress:	1272 / 2040
Progress:	1273 / 2040
Progress:	1274 / 2040
Progress:	1275 / 2040
Progress:	1276 / 2040
Progress:	1277 / 2040
Progress:	1278 / 2040
Progress:	1279 / 2040
Progress:	1280 / 2040
Progress:	1281 / 2040
Progress:	1282 / 2040
Progress:	1283 / 2040
Progress:	1284 / 2040
Progress:	1285 / 2040
Progress:	1286 / 2040
Progress:	1287 / 2040
Progress:	1288 / 2040
Progress:	1289 / 2040
Progress:	1290 / 2040
Progress:	1291 / 2040
Progress:	1292 / 2040
Progress:	1293 / 2040
Progress:	1294 / 2040
Progress:	1295 / 2040
Progress:	1296 / 2040
Progress:	1297 / 2040
Progress:	1298 / 2040
Progress:	1299 / 2040
Progress:	1300 / 2040
Progress:	1301 / 2040
Progress:	1302 / 2040
Progress:	1303 / 2040
Progress:	1304 / 2040
Progress:	1305 / 2040
Progress:	1306 / 2040
Progress:	1307 / 2040
Progress:	1308 / 2040
Progress:	1309 / 2040
Progress:	1310 / 2040
Progress:	1311 / 2040
Progress:	1312 / 2040
Progress:	1313 / 2040
Progress:	1314 / 2040
Progress:	1315 / 2040
Progress:	1316 / 2040
Progress:	1317 / 2040
Progress:	1318 / 2040
Progress:	1319 / 2040
Progress:	1320 / 2040
Progress:	1321 / 2040
Progress:	1322 / 2040
Progress:	1323 / 2040
Progress:	1324 / 2040
Progress:	1325 / 2040
Progress:	1326 / 2040
Progress:	1327 / 2040
Progress:	1328 / 2040
Progress:	1329 / 2040
Progress:	1330 / 2040
Progress:	1331 / 2040
Progress:	1332 / 2040
Progress:	1333 / 2040
Progress:	1334 / 2040
Progress:	1335 / 2040
Progress:	1336 / 2040
Progress:	1337 / 2040
Progress:	1338 / 2040
Progress:	1339 / 2040
Progress:	1340 / 2040
Progress:	1341 / 2040
Progress:	1342 / 2040
Progress:	1343 / 2040
Progress:	1344 / 2040
Progress:	1345 / 2040
Progress:	1346 / 2040
Progress:	1347 / 2040
Progress:	1348 / 2040
Progress:	1349 / 2040
Progress:	1350 / 2040
Progress:	1351 / 2040
Progress:	1352 / 2040
Progress:	1353 / 2040
Progress:	1354 / 2040
Progress:	1355 / 2040
Progress:	1356 / 2040
Progress:	1357 / 2040
Progress:	1358 / 2040
Progress:	1359 / 2040
Progress:	1360 / 2040
Progress:	1361 / 2040
Progress:	1362 / 2040
Progress:	1363 / 2040
Progress:	1364 / 2040
Progress:	1365 / 2040
Progress:	1366 / 2040
Progress:	1367 / 2040
Progress:	1368 / 2040
Progress:	1369 / 2040
Progress:	1370 / 2040
Progress:	1371 / 2040
Progress:	1372 / 2040
Progress:	1373 / 2040
Progress:	1374 / 2040
Progress:	1375 / 2040
Progress:	1376 / 2040
Progress:	1377 / 2040
Progress:	1378 / 2040
Progress:	1379 / 2040
Progress:	1380 / 2040
Progress:	1381 / 2040
Progress:	1382 / 2040
Progress:	1383 / 2040
Progress:	1384 / 2040
Progress:	1385 / 2040
Progress:	1386 / 2040
Progress:	1387 / 2040
Progress:	1388 / 2040
Progress:	1389 / 2040
Progress:	1390 / 2040
Progress:	1391 / 2040
Progress:	1392 / 2040
Progress:	1393 / 2040
Progress:	1394 / 2040
Progress:	1395 / 2040
Progress:	1396 / 2040
Progress:	1397 / 2040
Progress:	1398 / 2040
Progress:	1399 / 2040
Progress:	1400 / 2040
Progress:	1401 / 2040
Progress:	1402 / 2040
Progress:	1403 / 2040
Progress:	1404 / 2040
Progress:	1405 / 2040
Progress:	1406 / 2040
Progress:	1407 / 2040
Progress:	1408 / 2040
Progress:	1409 / 2040
Progress:	1410 / 2040
Progress:	1411 / 2040
Progress:	1412 / 2040
Progress:	1413 / 2040
Progress:	1414 / 2040
Progress:	1415 / 2040
Progress:	1416 / 2040
Progress:	1417 / 2040
Progress:	1418 / 2040
Progress:	1419 / 2040
Progress:	1420 / 2040
Progress:	1421 / 2040
Progress:	1422 / 2040
Progress:	1423 / 2040
Progress:	1424 / 2040
Progress:	1425 / 2040
Progress:	1426 / 2040
Progress:	1427 / 2040
Progress:	1428 / 2040
Progress:	1429 / 2040
Progress:	1430 / 2040
Progress:	1431 / 2040
Progress:	1432 / 2040
Progress:	1433 / 2040
Progress:	1434 / 2040
Progress:	1435 / 2040
Progress:	1436 / 2040
Progress:	1437 / 2040
Progress:	1438 / 2040
Progress:	1439 / 2040
Progress:	1440 / 2040
Progress:	1441 / 2040
Progress:	1442 / 2040
Progress:	1443 / 2040
Progress:	1444 / 2040
Progress:	1445 / 2040
Progress:	1446 / 2040
Progress:	1447 / 2040
Progress:	1448 / 2040
Progress:	1449 / 2040
Progress:	1450 / 2040
Progress:	1451 / 2040
Progress:	1452 / 2040
Progress:	1453 / 2040
Progress:	1454 / 2040
Progress:	1455 / 2040
Progress:	1456 / 2040
Progress:	1457 / 2040
Progress:	1458 / 2040
Progress:	1459 / 2040
Progress:	1460 / 2040
Progress:	1461 / 2040
Progress:	1462 / 2040
Progress:	1463 / 2040
Progress:	1464 / 2040
Progress:	1465 / 2040
Progress:	1466 / 2040
Progress:	1467 / 2040
Progress:	1468 / 2040
Progress:	1469 / 2040
Progress:	1470 / 2040
Progress:	1471 / 2040
Progress:	1472 / 2040
Progress:	1473 / 2040
Progress:	1474 / 2040
Progress:	1475 / 2040
Progress:	1476 / 2040
Progress:	1477 / 2040
Progress:	1478 / 2040
Progress:	1479 / 2040
Progress:	1480 / 2040
Progress:	1481 / 2040
Progress:	1482 / 2040
Progress:	1483 / 2040
Progress:	1484 / 2040
Progress:	1485 / 2040
Progress:	1486 / 2040
Progress:	1487 / 2040
Progress:	1488 / 2040
Progress:	1489 / 2040
Progress:	1490 / 2040
Progress:	1491 / 2040
Progress:	1492 / 2040
Progress:	1493 / 2040
Progress:	1494 / 2040
Progress:	1495 / 2040
Progress:	1496 / 2040
Progress:	1497 / 2040
Progress:	1498 / 2040
Progress:	1499 / 2040
Progress:	1500 / 2040
Progress:	1501 / 2040
Progress:	1502 / 2040
Progress:	1503 / 2040
Progress:	1504 / 2040
Progress:	1505 / 2040
Progress:	1506 / 2040
Progress:	1507 / 2040
Progress:	1508 / 2040
Progress:	1509 / 2040
Progress:	1510 / 2040
Progress:	1511 / 2040
Progress:	1512 / 2040
Progress:	1513 / 2040
Progress:	1514 / 2040
Progress:	1515 / 2040
Progress:	1516 / 2040
Progress:	1517 / 2040
Progress:	1518 / 2040
Progress:	1519 / 2040
Progress:	1520 / 2040
Progress:	1521 / 2040
Progress:	1522 / 2040
Progress:	1523 / 2040
Progress:	1524 / 2040
Progress:	1525 / 2040
Progress:	1526 / 2040
Progress:	1527 / 2040
Progress:	1528 / 2040
Progress:	1529 / 2040
Progress:	1530 / 2040
Progress:	1531 / 2040
Progress:	1532 / 2040
Progress:	1533 / 2040
Progress:	1534 / 2040
Progress:	1535 / 2040
Progress:	1536 / 2040
Progress:	1537 / 2040
Progress:	1538 / 2040
Progress:	1539 / 2040
Progress:	1540 / 2040
Progress:	1541 / 2040
Progress:	1542 / 2040
Progress:	1543 / 2040
Progress:	1544 / 2040
Progress:	1545 / 2040
Progress:	1546 / 2040
Progress:	1547 / 2040
Progress:	1548 / 2040
Progress:	1549 / 2040
Progress:	1550 / 2040
Progress:	1551 / 2040
Progress:	1552 / 2040
Progress:	1553 / 2040
Progress:	1554 / 2040
Progress:	1555 / 2040
Progress:	1556 / 2040
Progress:	1557 / 2040
Progress:	1558 / 2040
Progress:	1559 / 2040
Progress:	1560 / 2040
Progress:	1561 / 2040
Progress:	1562 / 2040
Progress:	1563 / 2040
Progress:	1564 / 2040
Progress:	1565 / 2040
Progress:	1566 / 2040
Progress:	1567 / 2040
Progress:	1568 / 2040
Progress:	1569 / 2040
Progress:	1570 / 2040
Progress:	1571 / 2040
Progress:	1572 / 2040
Progress:	1573 / 2040
Progress:	1574 / 2040
Progress:	1575 / 2040
Progress:	1576 / 2040
Progress:	1577 / 2040
Progress:	1578 / 2040
Progress:	1579 / 2040
Progress:	1580 / 2040
Progress:	1581 / 2040
Progress:	1582 / 2040
Progress:	1583 / 2040
Progress:	1584 / 2040
Progress:	1585 / 2040
Progress:	1586 / 2040
Progress:	1587 / 2040
Progress:	1588 / 2040
Progress:	1589 / 2040
Progress:	1590 / 2040
Progress:	1591 / 2040
Progress:	1592 / 2040
Progress:	1593 / 2040
Progress:	1594 / 2040
Progress:	1595 / 2040
Progress:	1596 / 2040
Progress:	1597 / 2040
Progress:	1598 / 2040
Progress:	1599 / 2040
Progress:	1600 / 2040
Progress:	1601 / 2040
Progress:	1602 / 2040
Progress:	1603 / 2040
Progress:	1604 / 2040
Progress:	1605 / 2040
Progress:	1606 / 2040
Progress:	1607 / 2040
Progress:	1608 / 2040
Progress:	1609 / 2040
Progress:	1610 / 2040
Progress:	1611 / 2040
Progress:	1612 / 2040
Progress:	1613 / 2040
Progress:	1614 / 2040
Progress:	1615 / 2040
Progress:	1616 / 2040
Progress:	1617 / 2040
Progress:	1618 / 2040
Progress:	1619 / 2040
Progress:	1620 / 2040
Progress:	1621 / 2040
Progress:	1622 / 2040
Progress:	1623 / 2040
Progress:	1624 / 2040
Progress:	1625 / 2040
Progress:	1626 / 2040
Progress:	1627 / 2040
Progress:	1628 / 2040
Progress:	1629 / 2040
Progress:	1630 / 2040
Progress:	1631 / 2040
Progress:	1632 / 2040
Progress:	1633 / 2040
Progress:	1634 / 2040
Progress:	1635 / 2040
Progress:	1636 / 2040
Progress:	1637 / 2040
Progress:	1638 / 2040
Progress:	1639 / 2040
Progress:	1640 / 2040
Progress:	1641 / 2040
Progress:	1642 / 2040
Progress:	1643 / 2040
Progress:	1644 / 2040
Progress:	1645 / 2040
Progress:	1646 / 2040
Progress:	1647 / 2040
Progress:	1648 / 2040
Progress:	1649 / 2040
Progress:	1650 / 2040
Progress:	1651 / 2040
Progress:	1652 / 2040
Progress:	1653 / 2040
Progress:	1654 / 2040
Progress:	1655 / 2040
Progress:	1656 / 2040
Progress:	1657 / 2040
Progress:	1658 / 2040
Progress:	1659 / 2040
Progress:	1660 / 2040
Progress:	1661 / 2040
Progress:	1662 / 2040
Progress:	1663 / 2040
Progress:	1664 / 2040
Progress:	1665 / 2040
Progress:	1666 / 2040
Progress:	1667 / 2040
Progress:	1668 / 2040
Progress:	1669 / 2040
Progress:	1670 / 2040
Progress:	1671 / 2040
Progress:	1672 / 2040
Progress:	1673 / 2040
Progress:	1674 / 2040
Progress:	1675 / 2040
Progress:	1676 / 2040
Progress:	1677 / 2040
Progress:	1678 / 2040
Progress:	1679 / 2040
Progress:	1680 / 2040
Progress:	1681 / 2040
Progress:	1682 / 2040
Progress:	1683 / 2040
Progress:	1684 / 2040
Progress:	1685 / 2040
Progress:	1686 / 2040
Progress:	1687 / 2040
Progress:	1688 / 2040
Progress:	1689 / 2040
Progress:	1690 / 2040
Progress:	1691 / 2040
Progress:	1692 / 2040
Progress:	1693 / 2040
Progress:	1694 / 2040
Progress:	1695 / 2040
Progress:	1696 / 2040
Progress:	1697 / 2040
Progress:	1698 / 2040
Progress:	1699 / 2040
Progress:	1700 / 2040
Progress:	1701 / 2040
Progress:	1702 / 2040
Progress:	1703 / 2040
Progress:	1704 / 2040
Progress:	1705 / 2040
Progress:	1706 / 2040
Progress:	1707 / 2040
Progress:	1708 / 2040
Progress:	1709 / 2040
Progress:	1710 / 2040
Progress:	1711 / 2040
Progress:	1712 / 2040
Progress:	1713 / 2040
Progress:	1714 / 2040
Progress:	1715 / 2040
Progress:	1716 / 2040
Progress:	1717 / 2040
Progress:	1718 / 2040
Progress:	1719 / 2040
Progress:	1720 / 2040
Progress:	1721 / 2040
Progress:	1722 / 2040
Progress:	1723 / 2040
Progress:	1724 / 2040
Progress:	1725 / 2040
Progress:	1726 / 2040
Progress:	1727 / 2040
Progress:	1728 / 2040
Progress:	1729 / 2040
Progress:	1730 / 2040
Progress:	1731 / 2040
Progress:	1732 / 2040
Progress:	1733 / 2040
Progress:	1734 / 2040
Progress:	1735 / 2040
Progress:	1736 / 2040
Progress:	1737 / 2040
Progress:	1738 / 2040
Progress:	1739 / 2040
Progress:	1740 / 2040
Progress:	1741 / 2040
Progress:	1742 / 2040
Progress:	1743 / 2040
Progress:	1744 / 2040
Progress:	1745 / 2040
Progress:	1746 / 2040
Progress:	1747 / 2040
Progress:	1748 / 2040
Progress:	1749 / 2040
Progress:	1750 / 2040
Progress:	1751 / 2040
Progress:	1752 / 2040
Progress:	1753 / 2040
Progress:	1754 / 2040
Progress:	1755 / 2040
Progress:	1756 / 2040
Progress:	1757 / 2040
Progress:	1758 / 2040
Progress:	1759 / 2040
Progress:	1760 / 2040
Progress:	1761 / 2040
Progress:	1762 / 2040
Progress:	1763 / 2040
Progress:	1764 / 2040
Progress:	1765 / 2040
Progress:	1766 / 2040
Progress:	1767 / 2040
Progress:	1768 / 2040
Progress:	1769 / 2040
Progress:	1770 / 2040
Progress:	1771 / 2040
Progress:	1772 / 2040
Progress:	1773 / 2040
Progress:	1774 / 2040
Progress:	1775 / 2040
Progress:	1776 / 2040
Progress:	1777 / 2040
Progress:	1778 / 2040
Progress:	1779 / 2040
Progress:	1780 / 2040
Progress:	1781 / 2040
Progress:	1782 / 2040
Progress:	1783 / 2040
Progress:	1784 / 2040
Progress:	1785 / 2040
Progress:	1786 / 2040
Progress:	1787 / 2040
Progress:	1788 / 2040
Progress:	1789 / 2040
Progress:	1790 / 2040
Progress:	1791 / 2040
Progress:	1792 / 2040
Progress:	1793 / 2040
Progress:	1794 / 2040
Progress:	1795 / 2040
Progress:	1796 / 2040
Progress:	1797 / 2040
Progress:	1798 / 2040
Progress:	1799 / 2040
Progress:	1800 / 2040
Progress:	1801 / 2040
Progress:	1802 / 2040
Progress:	1803 / 2040
Progress:	1804 / 2040
Progress:	1805 / 2040
Progress:	1806 / 2040
Progress:	1807 / 2040
Progress:	1808 / 2040
Progress:	1809 / 2040
Progress:	1810 / 2040
Progress:	1811 / 2040
Progress:	1812 / 2040
Progress:	1813 / 2040
Progress:	1814 / 2040
Progress:	1815 / 2040
Progress:	1816 / 2040
Progress:	1817 / 2040
Progress:	1818 / 2040
Progress:	1819 / 2040
Progress:	1820 / 2040
Progress:	1821 / 2040
Progress:	1822 / 2040
Progress:	1823 / 2040
Progress:	1824 / 2040
Progress:	1825 / 2040
Progress:	1826 / 2040
Progress:	1827 / 2040
Progress:	1828 / 2040
Progress:	1829 / 2040
Progress:	1830 / 2040
Progress:	1831 / 2040
Progress:	1832 / 2040
Progress:	1833 / 2040
Progress:	1834 / 2040
Progress:	1835 / 2040
Progress:	1836 / 2040
Progress:	1837 / 2040
Progress:	1838 / 2040
Progress:	1839 / 2040
Progress:	1840 / 2040
Progress:	1841 / 2040
Progress:	1842 / 2040
Progress:	1843 / 2040
Progress:	1844 / 2040
Progress:	1845 / 2040
Progress:	1846 / 2040
Progress:	1847 / 2040
Progress:	1848 / 2040
Progress:	1849 / 2040
Progress:	1850 / 2040
Progress:	1851 / 2040
Progress:	1852 / 2040
Progress:	1853 / 2040
Progress:	1854 / 2040
Progress:	1855 / 2040
Progress:	1856 / 2040
Progress:	1857 / 2040
Progress:	1858 / 2040
Progress:	1859 / 2040
Progress:	1860 / 2040
Progress:	1861 / 2040
Progress:	1862 / 2040
Progress:	1863 / 2040
Progress:	1864 / 2040
Progress:	1865 / 2040
Progress:	1866 / 2040
Progress:	1867 / 2040
Progress:	1868 / 2040
Progress:	1869 / 2040
Progress:	1870 / 2040
Progress:	1871 / 2040
Progress:	1872 / 2040
Progress:	1873 / 2040
Progress:	1874 / 2040
Progress:	1875 / 2040
Progress:	1876 / 2040
Progress:	1877 / 2040
Progress:	1878 / 2040
Progress:	1879 / 2040
Progress:	1880 / 2040
Progress:	1881 / 2040
Progress:	1882 / 2040
Progress:	1883 / 2040
Progress:	1884 / 2040
Progress:	1885 / 2040
Progress:	1886 / 2040
Progress:	1887 / 2040
Progress:	1888 / 2040
Progress:	1889 / 2040
Progress:	1890 / 2040
Progress:	1891 / 2040
Progress:	1892 / 2040
Progress:	1893 / 2040
Progress:	1894 / 2040
Progress:	1895 / 2040
Progress:	1896 / 2040
Progress:	1897 / 2040
Progress:	1898 / 2040
Progress:	1899 / 2040
Progress:	1900 / 2040
Progress:	1901 / 2040
Progress:	1902 / 2040
Progress:	1903 / 2040
Progress:	1904 / 2040
Progress:	1905 / 2040
Progress:	1906 / 2040
Progress:	1907 / 2040
Progress:	1908 / 2040
Progress:	1909 / 2040
Progress:	1910 / 2040
Progress:	1911 / 2040
Progress:	1912 / 2040
Progress:	1913 / 2040
Progress:	1914 / 2040
Progress:	1915 / 2040
Progress:	1916 / 2040
Progress:	1917 / 2040
Progress:	1918 / 2040
Progress:	1919 / 2040
Progress:	1920 / 2040
Progress:	1921 / 2040
Progress:	1922 / 2040
Progress:	1923 / 2040
Progress:	1924 / 2040
Progress:	1925 / 2040
Progress:	1926 / 2040
Progress:	1927 / 2040
Progress:	1928 / 2040
Progress:	1929 / 2040
Progress:	1930 / 2040
Progress:	1931 / 2040
Progress:	1932 / 2040
Progress:	1933 / 2040
Progress:	1934 / 2040
Progress:	1935 / 2040
Progress:	1936 / 2040
Progress:	1937 / 2040
Progress:	1938 / 2040
Progress:	1939 / 2040
Progress:	1940 / 2040
Progress:	1941 / 2040
Progress:	1942 / 2040
Progress:	1943 / 2040
Progress:	1944 / 2040
Progress:	1945 / 2040
Progress:	1946 / 2040
Progress:	1947 / 2040
Progress:	1948 / 2040
Progress:	1949 / 2040
Progress:	1950 / 2040
Progress:	1951 / 2040
Progress:	1952 / 2040
Progress:	1953 / 2040
Progress:	1954 / 2040
Progress:	1955 / 2040
Progress:	1956 / 2040
Progress:	1957 / 2040
Progress:	1958 / 2040
Progress:	1959 / 2040
Progress:	1960 / 2040
Progress:	1961 / 2040
Progress:	1962 / 2040
Progress:	1963 / 2040
Progress:	1964 / 2040
Progress:	1965 / 2040
Progress:	1966 / 2040
Progress:	1967 / 2040
Progress:	1968 / 2040
Progress:	1969 / 2040
Progress:	1970 / 2040
Progress:	1971 / 2040
Progress:	1972 / 2040
Progress:	1973 / 2040
Progress:	1974 / 2040
Progress:	1975 / 2040
Progress:	1976 / 2040
Progress:	1977 / 2040
Progress:	1978 / 2040
Progress:	1979 / 2040
Progress:	1980 / 2040
Progress:	1981 / 2040
Progress:	1982 / 2040
Progress:	1983 / 2040
Progress:	1984 / 2040
Progress:	1985 / 2040
Progress:	1986 / 2040
Progress:	1987 / 2040
Progress:	1988 / 2040
Progress:	1989 / 2040
Progress:	1990 / 2040
Progress:	1991 / 2040
Progress:	1992 / 2040
Progress:	1993 / 2040
Progress:	1994 / 2040
Progress:	1995 / 2040
Progress:	1996 / 2040
Progress:	1997 / 2040
Progress:	1998 / 2040
Progress:	1999 / 2040
Progress:	2000 / 2040
Progress:	2001 / 2040
Progress:	2002 / 2040
Progress:	2003 / 2040
Progress:	2004 / 2040
Progress:	2005 / 2040
Progress:	2006 / 2040
Progress:	2007 / 2040
Progress:	2008 / 2040
Progress:	2009 / 2040
Progress:	2010 / 2040
Progress:	2011 / 2040
Progress:	2012 / 2040
Progress:	2013 / 2040
Progress:	2014 / 2040
Progress:	2015 / 2040
Progress:	2016 / 2040
Progress:	2017 / 2040
Progress:	2018 / 2040
Progress:	2019 / 2040
Progress:	2020 / 2040
Progress:	2021 / 2040
Progress:	2022 / 2040
Progress:	2023 / 2040
Progress:	2024 / 2040
Progress:	2025 / 2040
Progress:	2026 / 2040
Progress:	2027 / 2040
Progress:	2028 / 2040
Progress:	2029 / 2040
Progress:	2030 / 2040
Progress:	2031 / 2040
Progress:	2032 / 2040
Progress:	2033 / 2040
Progress:	2034 / 2040
Progress:	2035 / 2040
Progress:	2036 / 2040
Progress:	2037 / 2040
Progress:	2038 / 2040
Progress:	2039 / 2040
Progress:	2040 / 2040
Solving:	10257.329488
Prepare:	937.433048725
predict size:	(2040, 32, 32)
block size:	(32, 32)
max:	226.396848993
min:	2.55336384975
11533.772222
Done
