Progress:	1 / 1560
Progress:	2 / 1560
Progress:	3 / 1560
Progress:	4 / 1560
Progress:	5 / 1560
Progress:	6 / 1560
Progress:	7 / 1560
Progress:	8 / 1560
Progress:	9 / 1560
Progress:	10 / 1560
Progress:	11 / 1560
Progress:	12 / 1560
Progress:	13 / 1560
Progress:	14 / 1560
Progress:	15 / 1560
Progress:	16 / 1560
Progress:	17 / 1560
Progress:	18 / 1560
Progress:	19 / 1560
Progress:	20 / 1560
Progress:	21 / 1560
Progress:	22 / 1560
Progress:	23 / 1560
Progress:	24 / 1560
Progress:	25 / 1560
Progress:	26 / 1560
Progress:	27 / 1560
Progress:	28 / 1560
Progress:	29 / 1560
Progress:	30 / 1560
Progress:	31 / 1560
Progress:	32 / 1560
Progress:	33 / 1560
Progress:	34 / 1560
Progress:	35 / 1560
Progress:	36 / 1560
Progress:	37 / 1560
Progress:	38 / 1560
Progress:	39 / 1560
Progress:	40 / 1560
Progress:	41 / 1560
Progress:	42 / 1560
Progress:	43 / 1560
Progress:	44 / 1560
Progress:	45 / 1560
Progress:	46 / 1560
Progress:	47 / 1560
Progress:	48 / 1560
Progress:	49 / 1560
Progress:	50 / 1560
Progress:	51 / 1560
Progress:	52 / 1560
Progress:	53 / 1560
Progress:	54 / 1560
Progress:	55 / 1560
Progress:	56 / 1560
Progress:	57 / 1560
Progress:	58 / 1560
Progress:	59 / 1560
Progress:	60 / 1560
Progress:	61 / 1560
Progress:	62 / 1560
Progress:	63 / 1560
Progress:	64 / 1560
Progress:	65 / 1560
Progress:	66 / 1560
Progress:	67 / 1560
Progress:	68 / 1560
Progress:	69 / 1560
Progress:	70 / 1560
Progress:	71 / 1560
Progress:	72 / 1560
Progress:	73 / 1560
Progress:	74 / 1560
Progress:	75 / 1560
Progress:	76 / 1560
Progress:	77 / 1560
Progress:	78 / 1560
Progress:	79 / 1560
Progress:	80 / 1560
Progress:	81 / 1560
Progress:	82 / 1560
Progress:	83 / 1560
Progress:	84 / 1560
Progress:	85 / 1560
Progress:	86 / 1560
Progress:	87 / 1560
Progress:	88 / 1560
Progress:	89 / 1560
Progress:	90 / 1560
Progress:	91 / 1560
Progress:	92 / 1560
Progress:	93 / 1560
Progress:	94 / 1560
Progress:	95 / 1560
Progress:	96 / 1560
Progress:	97 / 1560
Progress:	98 / 1560
Progress:	99 / 1560
Progress:	100 / 1560
Progress:	101 / 1560
Progress:	102 / 1560
Progress:	103 / 1560
Progress:	104 / 1560
Progress:	105 / 1560
Progress:	106 / 1560
Progress:	107 / 1560
Progress:	108 / 1560
Progress:	109 / 1560
Progress:	110 / 1560
Progress:	111 / 1560
Progress:	112 / 1560
Progress:	113 / 1560
Progress:	114 / 1560
Progress:	115 / 1560
Progress:	116 / 1560
Progress:	117 / 1560
Progress:	118 / 1560
Progress:	119 / 1560
Progress:	120 / 1560
Progress:	121 / 1560
Progress:	122 / 1560
Progress:	123 / 1560
Progress:	124 / 1560
Progress:	125 / 1560
Progress:	126 / 1560
Progress:	127 / 1560
Progress:	128 / 1560
Progress:	129 / 1560
Progress:	130 / 1560
Progress:	131 / 1560
Progress:	132 / 1560
Progress:	133 / 1560
Progress:	134 / 1560
Progress:	135 / 1560
Progress:	136 / 1560
Progress:	137 / 1560
Progress:	138 / 1560
Progress:	139 / 1560
Progress:	140 / 1560
Progress:	141 / 1560
Progress:	142 / 1560
Progress:	143 / 1560
Progress:	144 / 1560
Progress:	145 / 1560
Progress:	146 / 1560
Progress:	147 / 1560
Progress:	148 / 1560
Progress:	149 / 1560
Progress:	150 / 1560
Progress:	151 / 1560
Progress:	152 / 1560
Progress:	153 / 1560
Progress:	154 / 1560
Progress:	155 / 1560
Progress:	156 / 1560
Progress:	157 / 1560
Progress:	158 / 1560
Progress:	159 / 1560
Progress:	160 / 1560
Progress:	161 / 1560
Progress:	162 / 1560
Progress:	163 / 1560
Progress:	164 / 1560
Progress:	165 / 1560
Progress:	166 / 1560
Progress:	167 / 1560
Progress:	168 / 1560
Progress:	169 / 1560
Progress:	170 / 1560
Progress:	171 / 1560
Progress:	172 / 1560
Progress:	173 / 1560
Progress:	174 / 1560
Progress:	175 / 1560
Progress:	176 / 1560
Progress:	177 / 1560
Progress:	178 / 1560
Progress:	179 / 1560
Progress:	180 / 1560
Progress:	181 / 1560
Progress:	182 / 1560
Progress:	183 / 1560
Progress:	184 / 1560
Progress:	185 / 1560
Progress:	186 / 1560
Progress:	187 / 1560
Progress:	188 / 1560
Progress:	189 / 1560
Progress:	190 / 1560
Progress:	191 / 1560
Progress:	192 / 1560
Progress:	193 / 1560
Progress:	194 / 1560
Progress:	195 / 1560
Progress:	196 / 1560
Progress:	197 / 1560
Progress:	198 / 1560
Progress:	199 / 1560
Progress:	200 / 1560
Progress:	201 / 1560
Progress:	202 / 1560
Progress:	203 / 1560
Progress:	204 / 1560
Progress:	205 / 1560
Progress:	206 / 1560
Progress:	207 / 1560
Progress:	208 / 1560
Progress:	209 / 1560
Progress:	210 / 1560
Progress:	211 / 1560
Progress:	212 / 1560
Progress:	213 / 1560
Progress:	214 / 1560
Progress:	215 / 1560
Progress:	216 / 1560
Progress:	217 / 1560
Progress:	218 / 1560
Progress:	219 / 1560
Progress:	220 / 1560
Progress:	221 / 1560
Progress:	222 / 1560
Progress:	223 / 1560
Progress:	224 / 1560
Progress:	225 / 1560
Progress:	226 / 1560
Progress:	227 / 1560
Progress:	228 / 1560
Progress:	229 / 1560
Progress:	230 / 1560
Progress:	231 / 1560
Progress:	232 / 1560
Progress:	233 / 1560
Progress:	234 / 1560
Progress:	235 / 1560
Progress:	236 / 1560
Progress:	237 / 1560
Progress:	238 / 1560
Progress:	239 / 1560
Progress:	240 / 1560
Progress:	241 / 1560
Progress:	242 / 1560
Progress:	243 / 1560
Progress:	244 / 1560
Progress:	245 / 1560
Progress:	246 / 1560
Progress:	247 / 1560
Progress:	248 / 1560
Progress:	249 / 1560
Progress:	250 / 1560
Progress:	251 / 1560
Progress:	252 / 1560
Progress:	253 / 1560
Progress:	254 / 1560
Progress:	255 / 1560
Progress:	256 / 1560
Progress:	257 / 1560
Progress:	258 / 1560
Progress:	259 / 1560
Progress:	260 / 1560
Progress:	261 / 1560
Progress:	262 / 1560
Progress:	263 / 1560
Progress:	264 / 1560
Progress:	265 / 1560
Progress:	266 / 1560
Progress:	267 / 1560
Progress:	268 / 1560
Progress:	269 / 1560
Progress:	270 / 1560
Progress:	271 / 1560
Progress:	272 / 1560
Progress:	273 / 1560
Progress:	274 / 1560
Progress:	275 / 1560
Progress:	276 / 1560
Progress:	277 / 1560
Progress:	278 / 1560
Progress:	279 / 1560
Progress:	280 / 1560
Progress:	281 / 1560
Progress:	282 / 1560
Progress:	283 / 1560
Progress:	284 / 1560
Progress:	285 / 1560
Progress:	286 / 1560
Progress:	287 / 1560
Progress:	288 / 1560
Progress:	289 / 1560
Progress:	290 / 1560
Progress:	291 / 1560
Progress:	292 / 1560
Progress:	293 / 1560
Progress:	294 / 1560
Progress:	295 / 1560
Progress:	296 / 1560
Progress:	297 / 1560
Progress:	298 / 1560
Progress:	299 / 1560
Progress:	300 / 1560
Progress:	301 / 1560
Progress:	302 / 1560
Progress:	303 / 1560
Progress:	304 / 1560
Progress:	305 / 1560
Progress:	306 / 1560
Progress:	307 / 1560
Progress:	308 / 1560
Progress:	309 / 1560
Progress:	310 / 1560
Progress:	311 / 1560
Progress:	312 / 1560
Progress:	313 / 1560
Progress:	314 / 1560
Progress:	315 / 1560
Progress:	316 / 1560
Progress:	317 / 1560
Progress:	318 / 1560
Progress:	319 / 1560
Progress:	320 / 1560
Progress:	321 / 1560
Progress:	322 / 1560
Progress:	323 / 1560
Progress:	324 / 1560
Progress:	325 / 1560
Progress:	326 / 1560
Progress:	327 / 1560
Progress:	328 / 1560
Progress:	329 / 1560
Progress:	330 / 1560
Progress:	331 / 1560
Progress:	332 / 1560
Progress:	333 / 1560
Progress:	334 / 1560
Progress:	335 / 1560
Progress:	336 / 1560
Progress:	337 / 1560
Progress:	338 / 1560
Progress:	339 / 1560
Progress:	340 / 1560
Progress:	341 / 1560
Progress:	342 / 1560
Progress:	343 / 1560
Progress:	344 / 1560
Progress:	345 / 1560
Progress:	346 / 1560
Progress:	347 / 1560
Progress:	348 / 1560
Progress:	349 / 1560
Progress:	350 / 1560
Progress:	351 / 1560
Progress:	352 / 1560
Progress:	353 / 1560
Progress:	354 / 1560
Progress:	355 / 1560
Progress:	356 / 1560
Progress:	357 / 1560
Progress:	358 / 1560
Progress:	359 / 1560
Progress:	360 / 1560
Progress:	361 / 1560
Progress:	362 / 1560
Progress:	363 / 1560
Progress:	364 / 1560
Progress:	365 / 1560
Progress:	366 / 1560
Progress:	367 / 1560
Progress:	368 / 1560
Progress:	369 / 1560
Progress:	370 / 1560
Progress:	371 / 1560
Progress:	372 / 1560
Progress:	373 / 1560
Progress:	374 / 1560
Progress:	375 / 1560
Progress:	376 / 1560
Progress:	377 / 1560
Progress:	378 / 1560
Progress:	379 / 1560
Progress:	380 / 1560
Progress:	381 / 1560
Progress:	382 / 1560
Progress:	383 / 1560
Progress:	384 / 1560
Progress:	385 / 1560
Progress:	386 / 1560
Progress:	387 / 1560
Progress:	388 / 1560
Progress:	389 / 1560
Progress:	390 / 1560
Progress:	391 / 1560
Progress:	392 / 1560
Progress:	393 / 1560
Progress:	394 / 1560
Progress:	395 / 1560
Progress:	396 / 1560
Progress:	397 / 1560
Progress:	398 / 1560
Progress:	399 / 1560
Progress:	400 / 1560
Progress:	401 / 1560
Progress:	402 / 1560
Progress:	403 / 1560
Progress:	404 / 1560
Progress:	405 / 1560
Progress:	406 / 1560
Progress:	407 / 1560
Progress:	408 / 1560
Progress:	409 / 1560
Progress:	410 / 1560
Progress:	411 / 1560
Progress:	412 / 1560
Progress:	413 / 1560
Progress:	414 / 1560
Progress:	415 / 1560
Progress:	416 / 1560
Progress:	417 / 1560
Progress:	418 / 1560
Progress:	419 / 1560
Progress:	420 / 1560
Progress:	421 / 1560
Progress:	422 / 1560
Progress:	423 / 1560
Progress:	424 / 1560
Progress:	425 / 1560
Progress:	426 / 1560
Progress:	427 / 1560
Progress:	428 / 1560
Progress:	429 / 1560
Progress:	430 / 1560
Progress:	431 / 1560
Progress:	432 / 1560
Progress:	433 / 1560
Progress:	434 / 1560
Progress:	435 / 1560
Progress:	436 / 1560
Progress:	437 / 1560
Progress:	438 / 1560
Progress:	439 / 1560
Progress:	440 / 1560
Progress:	441 / 1560
Progress:	442 / 1560
Progress:	443 / 1560
Progress:	444 / 1560
Progress:	445 / 1560
Progress:	446 / 1560
Progress:	447 / 1560
Progress:	448 / 1560
Progress:	449 / 1560
Progress:	450 / 1560
Progress:	451 / 1560
Progress:	452 / 1560
Progress:	453 / 1560
Progress:	454 / 1560
Progress:	455 / 1560
Progress:	456 / 1560
Progress:	457 / 1560
Progress:	458 / 1560
Progress:	459 / 1560
Progress:	460 / 1560
Progress:	461 / 1560
Progress:	462 / 1560
Progress:	463 / 1560
Progress:	464 / 1560
Progress:	465 / 1560
Progress:	466 / 1560
Progress:	467 / 1560
Progress:	468 / 1560
Progress:	469 / 1560
Progress:	470 / 1560
Progress:	471 / 1560
Progress:	472 / 1560
Progress:	473 / 1560
Progress:	474 / 1560
Progress:	475 / 1560
Progress:	476 / 1560
Progress:	477 / 1560
Progress:	478 / 1560
Progress:	479 / 1560
Progress:	480 / 1560
Progress:	481 / 1560
Progress:	482 / 1560
Progress:	483 / 1560
Progress:	484 / 1560
Progress:	485 / 1560
Progress:	486 / 1560
Progress:	487 / 1560
Progress:	488 / 1560
Progress:	489 / 1560
Progress:	490 / 1560
Progress:	491 / 1560
Progress:	492 / 1560
Progress:	493 / 1560
Progress:	494 / 1560
Progress:	495 / 1560
Progress:	496 / 1560
Progress:	497 / 1560
Progress:	498 / 1560
Progress:	499 / 1560
Progress:	500 / 1560
Progress:	501 / 1560
Progress:	502 / 1560
Progress:	503 / 1560
Progress:	504 / 1560
Progress:	505 / 1560
Progress:	506 / 1560
Progress:	507 / 1560
Progress:	508 / 1560
Progress:	509 / 1560
Progress:	510 / 1560
Progress:	511 / 1560
Progress:	512 / 1560
Progress:	513 / 1560
Progress:	514 / 1560
Progress:	515 / 1560
Progress:	516 / 1560
Progress:	517 / 1560
Progress:	518 / 1560
Progress:	519 / 1560
Progress:	520 / 1560
Progress:	521 / 1560
Progress:	522 / 1560
Progress:	523 / 1560
Progress:	524 / 1560
Progress:	525 / 1560
Progress:	526 / 1560
Progress:	527 / 1560
Progress:	528 / 1560
Progress:	529 / 1560
Progress:	530 / 1560
Progress:	531 / 1560
Progress:	532 / 1560
Progress:	533 / 1560
Progress:	534 / 1560
Progress:	535 / 1560
Progress:	536 / 1560
Progress:	537 / 1560
Progress:	538 / 1560
Progress:	539 / 1560
Progress:	540 / 1560
Progress:	541 / 1560
Progress:	542 / 1560
Progress:	543 / 1560
Progress:	544 / 1560
Progress:	545 / 1560
Progress:	546 / 1560
Progress:	547 / 1560
Progress:	548 / 1560
Progress:	549 / 1560
Progress:	550 / 1560
Progress:	551 / 1560
Progress:	552 / 1560
Progress:	553 / 1560
Progress:	554 / 1560
Progress:	555 / 1560
Progress:	556 / 1560
Progress:	557 / 1560
Progress:	558 / 1560
Progress:	559 / 1560
Progress:	560 / 1560
Progress:	561 / 1560
Progress:	562 / 1560
Progress:	563 / 1560
Progress:	564 / 1560
Progress:	565 / 1560
Progress:	566 / 1560
Progress:	567 / 1560
Progress:	568 / 1560
Progress:	569 / 1560
Progress:	570 / 1560
Progress:	571 / 1560
Progress:	572 / 1560
Progress:	573 / 1560
Progress:	574 / 1560
Progress:	575 / 1560
Progress:	576 / 1560
Progress:	577 / 1560
Progress:	578 / 1560
Progress:	579 / 1560
Progress:	580 / 1560
Progress:	581 / 1560
Progress:	582 / 1560
Progress:	583 / 1560
Progress:	584 / 1560
Progress:	585 / 1560
Progress:	586 / 1560
Progress:	587 / 1560
Progress:	588 / 1560
Progress:	589 / 1560
Progress:	590 / 1560
Progress:	591 / 1560
Progress:	592 / 1560
Progress:	593 / 1560
Progress:	594 / 1560
Progress:	595 / 1560
Progress:	596 / 1560
Progress:	597 / 1560
Progress:	598 / 1560
Progress:	599 / 1560
Progress:	600 / 1560
Progress:	601 / 1560
Progress:	602 / 1560
Progress:	603 / 1560
Progress:	604 / 1560
Progress:	605 / 1560
Progress:	606 / 1560
Progress:	607 / 1560
Progress:	608 / 1560
Progress:	609 / 1560
Progress:	610 / 1560
Progress:	611 / 1560
Progress:	612 / 1560
Progress:	613 / 1560
Progress:	614 / 1560
Progress:	615 / 1560
Progress:	616 / 1560
Progress:	617 / 1560
Progress:	618 / 1560
Progress:	619 / 1560
Progress:	620 / 1560
Progress:	621 / 1560
Progress:	622 / 1560
Progress:	623 / 1560
Progress:	624 / 1560
Progress:	625 / 1560
Progress:	626 / 1560
Progress:	627 / 1560
Progress:	628 / 1560
Progress:	629 / 1560
Progress:	630 / 1560
Progress:	631 / 1560
Progress:	632 / 1560
Progress:	633 / 1560
Progress:	634 / 1560
Progress:	635 / 1560
Progress:	636 / 1560
Progress:	637 / 1560
Progress:	638 / 1560
Progress:	639 / 1560
Progress:	640 / 1560
Progress:	641 / 1560
Progress:	642 / 1560
Progress:	643 / 1560
Progress:	644 / 1560
Progress:	645 / 1560
Progress:	646 / 1560
Progress:	647 / 1560
Progress:	648 / 1560
Progress:	649 / 1560
Progress:	650 / 1560
Progress:	651 / 1560
Progress:	652 / 1560
Progress:	653 / 1560
Progress:	654 / 1560
Progress:	655 / 1560
Progress:	656 / 1560
Progress:	657 / 1560
Progress:	658 / 1560
Progress:	659 / 1560
Progress:	660 / 1560
Progress:	661 / 1560
Progress:	662 / 1560
Progress:	663 / 1560
Progress:	664 / 1560
Progress:	665 / 1560
Progress:	666 / 1560
Progress:	667 / 1560
Progress:	668 / 1560
Progress:	669 / 1560
Progress:	670 / 1560
Progress:	671 / 1560
Progress:	672 / 1560
Progress:	673 / 1560
Progress:	674 / 1560
Progress:	675 / 1560
Progress:	676 / 1560
Progress:	677 / 1560
Progress:	678 / 1560
Progress:	679 / 1560
Progress:	680 / 1560
Progress:	681 / 1560
Progress:	682 / 1560
Progress:	683 / 1560
Progress:	684 / 1560
Progress:	685 / 1560
Progress:	686 / 1560
Progress:	687 / 1560
Progress:	688 / 1560
Progress:	689 / 1560
Progress:	690 / 1560
Progress:	691 / 1560
Progress:	692 / 1560
Progress:	693 / 1560
Progress:	694 / 1560
Progress:	695 / 1560
Progress:	696 / 1560
Progress:	697 / 1560
Progress:	698 / 1560
Progress:	699 / 1560
Progress:	700 / 1560
Progress:	701 / 1560
Progress:	702 / 1560
Progress:	703 / 1560
Progress:	704 / 1560
Progress:	705 / 1560
Progress:	706 / 1560
Progress:	707 / 1560
Progress:	708 / 1560
Progress:	709 / 1560
Progress:	710 / 1560
Progress:	711 / 1560
Progress:	712 / 1560
Progress:	713 / 1560
Progress:	714 / 1560
Progress:	715 / 1560
Progress:	716 / 1560
Progress:	717 / 1560
Progress:	718 / 1560
Progress:	719 / 1560
Progress:	720 / 1560
Progress:	721 / 1560
Progress:	722 / 1560
Progress:	723 / 1560
Progress:	724 / 1560
Progress:	725 / 1560
Progress:	726 / 1560
Progress:	727 / 1560
Progress:	728 / 1560
Progress:	729 / 1560
Progress:	730 / 1560
Progress:	731 / 1560
Progress:	732 / 1560
Progress:	733 / 1560
Progress:	734 / 1560
Progress:	735 / 1560
Progress:	736 / 1560
Progress:	737 / 1560
Progress:	738 / 1560
Progress:	739 / 1560
Progress:	740 / 1560
Progress:	741 / 1560
Progress:	742 / 1560
Progress:	743 / 1560
Progress:	744 / 1560
Progress:	745 / 1560
Progress:	746 / 1560
Progress:	747 / 1560
Progress:	748 / 1560
Progress:	749 / 1560
Progress:	750 / 1560
Progress:	751 / 1560
Progress:	752 / 1560
Progress:	753 / 1560
Progress:	754 / 1560
Progress:	755 / 1560
Progress:	756 / 1560
Progress:	757 / 1560
Progress:	758 / 1560
Progress:	759 / 1560
Progress:	760 / 1560
Progress:	761 / 1560
Progress:	762 / 1560
Progress:	763 / 1560
Progress:	764 / 1560
Progress:	765 / 1560
Progress:	766 / 1560
Progress:	767 / 1560
Progress:	768 / 1560
Progress:	769 / 1560
Progress:	770 / 1560
Progress:	771 / 1560
Progress:	772 / 1560
Progress:	773 / 1560
Progress:	774 / 1560
Progress:	775 / 1560
Progress:	776 / 1560
Progress:	777 / 1560
Progress:	778 / 1560
Progress:	779 / 1560
Progress:	780 / 1560
Progress:	781 / 1560
Progress:	782 / 1560
Progress:	783 / 1560
Progress:	784 / 1560
Progress:	785 / 1560
Progress:	786 / 1560
Progress:	787 / 1560
Progress:	788 / 1560
Progress:	789 / 1560
Progress:	790 / 1560
Progress:	791 / 1560
Progress:	792 / 1560
Progress:	793 / 1560
Progress:	794 / 1560
Progress:	795 / 1560
Progress:	796 / 1560
Progress:	797 / 1560
Progress:	798 / 1560
Progress:	799 / 1560
Progress:	800 / 1560
Progress:	801 / 1560
Progress:	802 / 1560
Progress:	803 / 1560
Progress:	804 / 1560
Progress:	805 / 1560
Progress:	806 / 1560
Progress:	807 / 1560
Progress:	808 / 1560
Progress:	809 / 1560
Progress:	810 / 1560
Progress:	811 / 1560
Progress:	812 / 1560
Progress:	813 / 1560
Progress:	814 / 1560
Progress:	815 / 1560
Progress:	816 / 1560
Progress:	817 / 1560
Progress:	818 / 1560
Progress:	819 / 1560
Progress:	820 / 1560
Progress:	821 / 1560
Progress:	822 / 1560
Progress:	823 / 1560
Progress:	824 / 1560
Progress:	825 / 1560
Progress:	826 / 1560
Progress:	827 / 1560
Progress:	828 / 1560
Progress:	829 / 1560
Progress:	830 / 1560
Progress:	831 / 1560
Progress:	832 / 1560
Progress:	833 / 1560
Progress:	834 / 1560
Progress:	835 / 1560
Progress:	836 / 1560
Progress:	837 / 1560
Progress:	838 / 1560
Progress:	839 / 1560
Progress:	840 / 1560
Progress:	841 / 1560
Progress:	842 / 1560
Progress:	843 / 1560
Progress:	844 / 1560
Progress:	845 / 1560
Progress:	846 / 1560
Progress:	847 / 1560
Progress:	848 / 1560
Progress:	849 / 1560
Progress:	850 / 1560
Progress:	851 / 1560
Progress:	852 / 1560
Progress:	853 / 1560
Progress:	854 / 1560
Progress:	855 / 1560
Progress:	856 / 1560
Progress:	857 / 1560
Progress:	858 / 1560
Progress:	859 / 1560
Progress:	860 / 1560
Progress:	861 / 1560
Progress:	862 / 1560
Progress:	863 / 1560
Progress:	864 / 1560
Progress:	865 / 1560
Progress:	866 / 1560
Progress:	867 / 1560
Progress:	868 / 1560
Progress:	869 / 1560
Progress:	870 / 1560
Progress:	871 / 1560
Progress:	872 / 1560
Progress:	873 / 1560
Progress:	874 / 1560
Progress:	875 / 1560
Progress:	876 / 1560
Progress:	877 / 1560
Progress:	878 / 1560
Progress:	879 / 1560
Progress:	880 / 1560
Progress:	881 / 1560
Progress:	882 / 1560
Progress:	883 / 1560
Progress:	884 / 1560
Progress:	885 / 1560
Progress:	886 / 1560
Progress:	887 / 1560
Progress:	888 / 1560
Progress:	889 / 1560
Progress:	890 / 1560
Progress:	891 / 1560
Progress:	892 / 1560
Progress:	893 / 1560
Progress:	894 / 1560
Progress:	895 / 1560
Progress:	896 / 1560
Progress:	897 / 1560
Progress:	898 / 1560
Progress:	899 / 1560
Progress:	900 / 1560
Progress:	901 / 1560
Progress:	902 / 1560
Progress:	903 / 1560
Progress:	904 / 1560
Progress:	905 / 1560
Progress:	906 / 1560
Progress:	907 / 1560
Progress:	908 / 1560
Progress:	909 / 1560
Progress:	910 / 1560
Progress:	911 / 1560
Progress:	912 / 1560
Progress:	913 / 1560
Progress:	914 / 1560
Progress:	915 / 1560
Progress:	916 / 1560
Progress:	917 / 1560
Progress:	918 / 1560
Progress:	919 / 1560
Progress:	920 / 1560
Progress:	921 / 1560
Progress:	922 / 1560
Progress:	923 / 1560
Progress:	924 / 1560
Progress:	925 / 1560
Progress:	926 / 1560
Progress:	927 / 1560
Progress:	928 / 1560
Progress:	929 / 1560
Progress:	930 / 1560
Progress:	931 / 1560
Progress:	932 / 1560
Progress:	933 / 1560
Progress:	934 / 1560
Progress:	935 / 1560
Progress:	936 / 1560
Progress:	937 / 1560
Progress:	938 / 1560
Progress:	939 / 1560
Progress:	940 / 1560
Progress:	941 / 1560
Progress:	942 / 1560
Progress:	943 / 1560
Progress:	944 / 1560
Progress:	945 / 1560
Progress:	946 / 1560
Progress:	947 / 1560
Progress:	948 / 1560
Progress:	949 / 1560
Progress:	950 / 1560
Progress:	951 / 1560
Progress:	952 / 1560
Progress:	953 / 1560
Progress:	954 / 1560
Progress:	955 / 1560
Progress:	956 / 1560
Progress:	957 / 1560
Progress:	958 / 1560
Progress:	959 / 1560
Progress:	960 / 1560
Progress:	961 / 1560
Progress:	962 / 1560
Progress:	963 / 1560
Progress:	964 / 1560
Progress:	965 / 1560
Progress:	966 / 1560
Progress:	967 / 1560
Progress:	968 / 1560
Progress:	969 / 1560
Progress:	970 / 1560
Progress:	971 / 1560
Progress:	972 / 1560
Progress:	973 / 1560
Progress:	974 / 1560
Progress:	975 / 1560
Progress:	976 / 1560
Progress:	977 / 1560
Progress:	978 / 1560
Progress:	979 / 1560
Progress:	980 / 1560
Progress:	981 / 1560
Progress:	982 / 1560
Progress:	983 / 1560
Progress:	984 / 1560
Progress:	985 / 1560
Progress:	986 / 1560
Progress:	987 / 1560
Progress:	988 / 1560
Progress:	989 / 1560
Progress:	990 / 1560
Progress:	991 / 1560
Progress:	992 / 1560
Progress:	993 / 1560
Progress:	994 / 1560
Progress:	995 / 1560
Progress:	996 / 1560
Progress:	997 / 1560
Progress:	998 / 1560
Progress:	999 / 1560
Progress:	1000 / 1560
Progress:	1001 / 1560
Progress:	1002 / 1560
Progress:	1003 / 1560
Progress:	1004 / 1560
Progress:	1005 / 1560
Progress:	1006 / 1560
Progress:	1007 / 1560
Progress:	1008 / 1560
Progress:	1009 / 1560
Progress:	1010 / 1560
Progress:	1011 / 1560
Progress:	1012 / 1560
Progress:	1013 / 1560
Progress:	1014 / 1560
Progress:	1015 / 1560
Progress:	1016 / 1560
Progress:	1017 / 1560
Progress:	1018 / 1560
Progress:	1019 / 1560
Progress:	1020 / 1560
Progress:	1021 / 1560
Progress:	1022 / 1560
Progress:	1023 / 1560
Progress:	1024 / 1560
Progress:	1025 / 1560
Progress:	1026 / 1560
Progress:	1027 / 1560
Progress:	1028 / 1560
Progress:	1029 / 1560
Progress:	1030 / 1560
Progress:	1031 / 1560
Progress:	1032 / 1560
Progress:	1033 / 1560
Progress:	1034 / 1560
Progress:	1035 / 1560
Progress:	1036 / 1560
Progress:	1037 / 1560
Progress:	1038 / 1560
Progress:	1039 / 1560
Progress:	1040 / 1560
Progress:	1041 / 1560
Progress:	1042 / 1560
Progress:	1043 / 1560
Progress:	1044 / 1560
Progress:	1045 / 1560
Progress:	1046 / 1560
Progress:	1047 / 1560
Progress:	1048 / 1560
Progress:	1049 / 1560
Progress:	1050 / 1560
Progress:	1051 / 1560
Progress:	1052 / 1560
Progress:	1053 / 1560
Progress:	1054 / 1560
Progress:	1055 / 1560
Progress:	1056 / 1560
Progress:	1057 / 1560
Progress:	1058 / 1560
Progress:	1059 / 1560
Progress:	1060 / 1560
Progress:	1061 / 1560
Progress:	1062 / 1560
Progress:	1063 / 1560
Progress:	1064 / 1560
Progress:	1065 / 1560
Progress:	1066 / 1560
Progress:	1067 / 1560
Progress:	1068 / 1560
Progress:	1069 / 1560
Progress:	1070 / 1560
Progress:	1071 / 1560
Progress:	1072 / 1560
Progress:	1073 / 1560
Progress:	1074 / 1560
Progress:	1075 / 1560
Progress:	1076 / 1560
Progress:	1077 / 1560
Progress:	1078 / 1560
Progress:	1079 / 1560
Progress:	1080 / 1560
Progress:	1081 / 1560
Progress:	1082 / 1560
Progress:	1083 / 1560
Progress:	1084 / 1560
Progress:	1085 / 1560
Progress:	1086 / 1560
Progress:	1087 / 1560
Progress:	1088 / 1560
Progress:	1089 / 1560
Progress:	1090 / 1560
Progress:	1091 / 1560
Progress:	1092 / 1560
Progress:	1093 / 1560
Progress:	1094 / 1560
Progress:	1095 / 1560
Progress:	1096 / 1560
Progress:	1097 / 1560
Progress:	1098 / 1560
Progress:	1099 / 1560
Progress:	1100 / 1560
Progress:	1101 / 1560
Progress:	1102 / 1560
Progress:	1103 / 1560
Progress:	1104 / 1560
Progress:	1105 / 1560
Progress:	1106 / 1560
Progress:	1107 / 1560
Progress:	1108 / 1560
Progress:	1109 / 1560
Progress:	1110 / 1560
Progress:	1111 / 1560
Progress:	1112 / 1560
Progress:	1113 / 1560
Progress:	1114 / 1560
Progress:	1115 / 1560
Progress:	1116 / 1560
Progress:	1117 / 1560
Progress:	1118 / 1560
Progress:	1119 / 1560
Progress:	1120 / 1560
Progress:	1121 / 1560
Progress:	1122 / 1560
Progress:	1123 / 1560
Progress:	1124 / 1560
Progress:	1125 / 1560
Progress:	1126 / 1560
Progress:	1127 / 1560
Progress:	1128 / 1560
Progress:	1129 / 1560
Progress:	1130 / 1560
Progress:	1131 / 1560
Progress:	1132 / 1560
Progress:	1133 / 1560
Progress:	1134 / 1560
Progress:	1135 / 1560
Progress:	1136 / 1560
Progress:	1137 / 1560
Progress:	1138 / 1560
Progress:	1139 / 1560
Progress:	1140 / 1560
Progress:	1141 / 1560
Progress:	1142 / 1560
Progress:	1143 / 1560
Progress:	1144 / 1560
Progress:	1145 / 1560
Progress:	1146 / 1560
Progress:	1147 / 1560
Progress:	1148 / 1560
Progress:	1149 / 1560
Progress:	1150 / 1560
Progress:	1151 / 1560
Progress:	1152 / 1560
Progress:	1153 / 1560
Progress:	1154 / 1560
Progress:	1155 / 1560
Progress:	1156 / 1560
Progress:	1157 / 1560
Progress:	1158 / 1560
Progress:	1159 / 1560
Progress:	1160 / 1560
Progress:	1161 / 1560
Progress:	1162 / 1560
Progress:	1163 / 1560
Progress:	1164 / 1560
Progress:	1165 / 1560
Progress:	1166 / 1560
Progress:	1167 / 1560
Progress:	1168 / 1560
Progress:	1169 / 1560
Progress:	1170 / 1560
Progress:	1171 / 1560
Progress:	1172 / 1560
Progress:	1173 / 1560
Progress:	1174 / 1560
Progress:	1175 / 1560
Progress:	1176 / 1560
Progress:	1177 / 1560
Progress:	1178 / 1560
Progress:	1179 / 1560
Progress:	1180 / 1560
Progress:	1181 / 1560
Progress:	1182 / 1560
Progress:	1183 / 1560
Progress:	1184 / 1560
Progress:	1185 / 1560
Progress:	1186 / 1560
Progress:	1187 / 1560
Progress:	1188 / 1560
Progress:	1189 / 1560
Progress:	1190 / 1560
Progress:	1191 / 1560
Progress:	1192 / 1560
Progress:	1193 / 1560
Progress:	1194 / 1560
Progress:	1195 / 1560
Progress:	1196 / 1560
Progress:	1197 / 1560
Progress:	1198 / 1560
Progress:	1199 / 1560
Progress:	1200 / 1560
Progress:	1201 / 1560
Progress:	1202 / 1560
Progress:	1203 / 1560
Progress:	1204 / 1560
Progress:	1205 / 1560
Progress:	1206 / 1560
Progress:	1207 / 1560
Progress:	1208 / 1560
Progress:	1209 / 1560
Progress:	1210 / 1560
Progress:	1211 / 1560
Progress:	1212 / 1560
Progress:	1213 / 1560
Progress:	1214 / 1560
Progress:	1215 / 1560
Progress:	1216 / 1560
Progress:	1217 / 1560
Progress:	1218 / 1560
Progress:	1219 / 1560
Progress:	1220 / 1560
Progress:	1221 / 1560
Progress:	1222 / 1560
Progress:	1223 / 1560
Progress:	1224 / 1560
Progress:	1225 / 1560
Progress:	1226 / 1560
Progress:	1227 / 1560
Progress:	1228 / 1560
Progress:	1229 / 1560
Progress:	1230 / 1560
Progress:	1231 / 1560
Progress:	1232 / 1560
Progress:	1233 / 1560
Progress:	1234 / 1560
Progress:	1235 / 1560
Progress:	1236 / 1560
Progress:	1237 / 1560
Progress:	1238 / 1560
Progress:	1239 / 1560
Progress:	1240 / 1560
Progress:	1241 / 1560
Progress:	1242 / 1560
Progress:	1243 / 1560
Progress:	1244 / 1560
Progress:	1245 / 1560
Progress:	1246 / 1560
Progress:	1247 / 1560
Progress:	1248 / 1560
Progress:	1249 / 1560
Progress:	1250 / 1560
Progress:	1251 / 1560
Progress:	1252 / 1560
Progress:	1253 / 1560
Progress:	1254 / 1560
Progress:	1255 / 1560
Progress:	1256 / 1560
Progress:	1257 / 1560
Progress:	1258 / 1560
Progress:	1259 / 1560
Progress:	1260 / 1560
Progress:	1261 / 1560
Progress:	1262 / 1560
Progress:	1263 / 1560
Progress:	1264 / 1560
Progress:	1265 / 1560
Progress:	1266 / 1560
Progress:	1267 / 1560
Progress:	1268 / 1560
Progress:	1269 / 1560
Progress:	1270 / 1560
Progress:	1271 / 1560
Progress:	1272 / 1560
Progress:	1273 / 1560
Progress:	1274 / 1560
Progress:	1275 / 1560
Progress:	1276 / 1560
Progress:	1277 / 1560
Progress:	1278 / 1560
Progress:	1279 / 1560
Progress:	1280 / 1560
Progress:	1281 / 1560
Progress:	1282 / 1560
Progress:	1283 / 1560
Progress:	1284 / 1560
Progress:	1285 / 1560
Progress:	1286 / 1560
Progress:	1287 / 1560
Progress:	1288 / 1560
Progress:	1289 / 1560
Progress:	1290 / 1560
Progress:	1291 / 1560
Progress:	1292 / 1560
Progress:	1293 / 1560
Progress:	1294 / 1560
Progress:	1295 / 1560
Progress:	1296 / 1560
Progress:	1297 / 1560
Progress:	1298 / 1560
Progress:	1299 / 1560
Progress:	1300 / 1560
Progress:	1301 / 1560
Progress:	1302 / 1560
Progress:	1303 / 1560
Progress:	1304 / 1560
Progress:	1305 / 1560
Progress:	1306 / 1560
Progress:	1307 / 1560
Progress:	1308 / 1560
Progress:	1309 / 1560
Progress:	1310 / 1560
Progress:	1311 / 1560
Progress:	1312 / 1560
Progress:	1313 / 1560
Progress:	1314 / 1560
Progress:	1315 / 1560
Progress:	1316 / 1560
Progress:	1317 / 1560
Progress:	1318 / 1560
Progress:	1319 / 1560
Progress:	1320 / 1560
Progress:	1321 / 1560
Progress:	1322 / 1560
Progress:	1323 / 1560
Progress:	1324 / 1560
Progress:	1325 / 1560
Progress:	1326 / 1560
Progress:	1327 / 1560
Progress:	1328 / 1560
Progress:	1329 / 1560
Progress:	1330 / 1560
Progress:	1331 / 1560
Progress:	1332 / 1560
Progress:	1333 / 1560
Progress:	1334 / 1560
Progress:	1335 / 1560
Progress:	1336 / 1560
Progress:	1337 / 1560
Progress:	1338 / 1560
Progress:	1339 / 1560
Progress:	1340 / 1560
Progress:	1341 / 1560
Progress:	1342 / 1560
Progress:	1343 / 1560
Progress:	1344 / 1560
Progress:	1345 / 1560
Progress:	1346 / 1560
Progress:	1347 / 1560
Progress:	1348 / 1560
Progress:	1349 / 1560
Progress:	1350 / 1560
Progress:	1351 / 1560
Progress:	1352 / 1560
Progress:	1353 / 1560
Progress:	1354 / 1560
Progress:	1355 / 1560
Progress:	1356 / 1560
Progress:	1357 / 1560
Progress:	1358 / 1560
Progress:	1359 / 1560
Progress:	1360 / 1560
Progress:	1361 / 1560
Progress:	1362 / 1560
Progress:	1363 / 1560
Progress:	1364 / 1560
Progress:	1365 / 1560
Progress:	1366 / 1560
Progress:	1367 / 1560
Progress:	1368 / 1560
Progress:	1369 / 1560
Progress:	1370 / 1560
Progress:	1371 / 1560
Progress:	1372 / 1560
Progress:	1373 / 1560
Progress:	1374 / 1560
Progress:	1375 / 1560
Progress:	1376 / 1560
Progress:	1377 / 1560
Progress:	1378 / 1560
Progress:	1379 / 1560
Progress:	1380 / 1560
Progress:	1381 / 1560
Progress:	1382 / 1560
Progress:	1383 / 1560
Progress:	1384 / 1560
Progress:	1385 / 1560
Progress:	1386 / 1560
Progress:	1387 / 1560
Progress:	1388 / 1560
Progress:	1389 / 1560
Progress:	1390 / 1560
Progress:	1391 / 1560
Progress:	1392 / 1560
Progress:	1393 / 1560
Progress:	1394 / 1560
Progress:	1395 / 1560
Progress:	1396 / 1560
Progress:	1397 / 1560
Progress:	1398 / 1560
Progress:	1399 / 1560
Progress:	1400 / 1560
Progress:	1401 / 1560
Progress:	1402 / 1560
Progress:	1403 / 1560
Progress:	1404 / 1560
Progress:	1405 / 1560
Progress:	1406 / 1560
Progress:	1407 / 1560
Progress:	1408 / 1560
Progress:	1409 / 1560
Progress:	1410 / 1560
Progress:	1411 / 1560
Progress:	1412 / 1560
Progress:	1413 / 1560
Progress:	1414 / 1560
Progress:	1415 / 1560
Progress:	1416 / 1560
Progress:	1417 / 1560
Progress:	1418 / 1560
Progress:	1419 / 1560
Progress:	1420 / 1560
Progress:	1421 / 1560
Progress:	1422 / 1560
Progress:	1423 / 1560
Progress:	1424 / 1560
Progress:	1425 / 1560
Progress:	1426 / 1560
Progress:	1427 / 1560
Progress:	1428 / 1560
Progress:	1429 / 1560
Progress:	1430 / 1560
Progress:	1431 / 1560
Progress:	1432 / 1560
Progress:	1433 / 1560
Progress:	1434 / 1560
Progress:	1435 / 1560
Progress:	1436 / 1560
Progress:	1437 / 1560
Progress:	1438 / 1560
Progress:	1439 / 1560
Progress:	1440 / 1560
Progress:	1441 / 1560
Progress:	1442 / 1560
Progress:	1443 / 1560
Progress:	1444 / 1560
Progress:	1445 / 1560
Progress:	1446 / 1560
Progress:	1447 / 1560
Progress:	1448 / 1560
Progress:	1449 / 1560
Progress:	1450 / 1560
Progress:	1451 / 1560
Progress:	1452 / 1560
Progress:	1453 / 1560
Progress:	1454 / 1560
Progress:	1455 / 1560
Progress:	1456 / 1560
Progress:	1457 / 1560
Progress:	1458 / 1560
Progress:	1459 / 1560
Progress:	1460 / 1560
Progress:	1461 / 1560
Progress:	1462 / 1560
Progress:	1463 / 1560
Progress:	1464 / 1560
Progress:	1465 / 1560
Progress:	1466 / 1560
Progress:	1467 / 1560
Progress:	1468 / 1560
Progress:	1469 / 1560
Progress:	1470 / 1560
Progress:	1471 / 1560
Progress:	1472 / 1560
Progress:	1473 / 1560
Progress:	1474 / 1560
Progress:	1475 / 1560
Progress:	1476 / 1560
Progress:	1477 / 1560
Progress:	1478 / 1560
Progress:	1479 / 1560
Progress:	1480 / 1560
Progress:	1481 / 1560
Progress:	1482 / 1560
Progress:	1483 / 1560
Progress:	1484 / 1560
Progress:	1485 / 1560
Progress:	1486 / 1560
Progress:	1487 / 1560
Progress:	1488 / 1560
Progress:	1489 / 1560
Progress:	1490 / 1560
Progress:	1491 / 1560
Progress:	1492 / 1560
Progress:	1493 / 1560
Progress:	1494 / 1560
Progress:	1495 / 1560
Progress:	1496 / 1560
Progress:	1497 / 1560
Progress:	1498 / 1560
Progress:	1499 / 1560
Progress:	1500 / 1560
Progress:	1501 / 1560
Progress:	1502 / 1560
Progress:	1503 / 1560
Progress:	1504 / 1560
Progress:	1505 / 1560
Progress:	1506 / 1560
Progress:	1507 / 1560
Progress:	1508 / 1560
Progress:	1509 / 1560
Progress:	1510 / 1560
Progress:	1511 / 1560
Progress:	1512 / 1560
Progress:	1513 / 1560
Progress:	1514 / 1560
Progress:	1515 / 1560
Progress:	1516 / 1560
Progress:	1517 / 1560
Progress:	1518 / 1560
Progress:	1519 / 1560
Progress:	1520 / 1560
Progress:	1521 / 1560
Progress:	1522 / 1560
Progress:	1523 / 1560
Progress:	1524 / 1560
Progress:	1525 / 1560
Progress:	1526 / 1560
Progress:	1527 / 1560
Progress:	1528 / 1560
Progress:	1529 / 1560
Progress:	1530 / 1560
Progress:	1531 / 1560
Progress:	1532 / 1560
Progress:	1533 / 1560
Progress:	1534 / 1560
Progress:	1535 / 1560
Progress:	1536 / 1560
Progress:	1537 / 1560
Progress:	1538 / 1560
Progress:	1539 / 1560
Progress:	1540 / 1560
Progress:	1541 / 1560
Progress:	1542 / 1560
Progress:	1543 / 1560
Progress:	1544 / 1560
Progress:	1545 / 1560
Progress:	1546 / 1560
Progress:	1547 / 1560
Progress:	1548 / 1560
Progress:	1549 / 1560
Progress:	1550 / 1560
Progress:	1551 / 1560
Progress:	1552 / 1560
Progress:	1553 / 1560
Progress:	1554 / 1560
Progress:	1555 / 1560
Progress:	1556 / 1560
Progress:	1557 / 1560
Progress:	1558 / 1560
Progress:	1559 / 1560
Progress:	1560 / 1560
Solving:	246.627923012
Prepare:	53.5992231369
predict size:	(1560, 8, 8)
block size:	(8, 8)
max:	237.329867824
min:	30.1718274035
310.88511014
Done
